2022-12-01 13:17:40.376 [main] ERROR ChannelImp() - ====> init channel network error, org.fisco.bcos.sdk.network.NetworkException: 
* TRACE INFORMATION:
----------------------------
====> STEP1: try to connect nodes with ecdsa context...
<==== STEP1 Result: try to connect nodes with ecdsa context failed for cert missing
* Missed certificates: [resources/conf\ca.crt,resources/conf\sdk.crt,resources/conf\sdk.key,]
currentPath: F:\study\WEID\SZU_DID

----------------------------
====> STEP2: connect nodes with ecdsa context failed, try to connect nodes with sm-context...
<==== STEP2 Result: connect with sm context failed for cert missing.
* Missed certificates: 
[resources/conf\gm\gmca.crt,resources/conf\gm\gmsdk.crt,resources/conf\gm\gmsdk.key,resources/conf\gm\gmensdk.key,resources/conf\gm\gmensdk.crt,]
currentPath: F:\study\WEID\SZU_DID
----------------------------
<====> Error: try to connect nodes with both ecdsa and sm context failed <====>
<====>[1;31m Please refer to github issue: https://github.com/FISCO-BCOS/java-sdk/issues/536 [0m
<====>[1;31m Please refer to fisco-docs: https://fisco-bcos-documentation.readthedocs.io/zh_CN/latest/docs/faq/connect.html [0m
----------------------------
* FISCO BCOS Java SDK Version: 2.9.1
* Support secp256k1 : true
* Java Version : 1.8.0_351
* JDK Disabled NamedCurves : null
* JDK DisableNative Option : null
* OS Name : Windows 10
* OS Arch : amd64
* OS Version : 10.0
* JVM Version : 25.351-b10
* JVM Vendor : Oracle Corporation
* JVM Vendor URL : http://java.oracle.com/

 
2022-12-01 13:17:40.377 [main] ERROR WeServerV2() - [build] the ConfigOption build fail.
org.fisco.bcos.sdk.BcosSDKException: create BcosSDK failed, error info: init channel network error!
org.fisco.bcos.sdk.network.NetworkException: 
* TRACE INFORMATION:
----------------------------
====> STEP1: try to connect nodes with ecdsa context...
<==== STEP1 Result: try to connect nodes with ecdsa context failed for cert missing
* Missed certificates: [resources/conf\ca.crt,resources/conf\sdk.crt,resources/conf\sdk.key,]
currentPath: F:\study\WEID\SZU_DID

----------------------------
====> STEP2: connect nodes with ecdsa context failed, try to connect nodes with sm-context...
<==== STEP2 Result: connect with sm context failed for cert missing.
* Missed certificates: 
[resources/conf\gm\gmca.crt,resources/conf\gm\gmsdk.crt,resources/conf\gm\gmsdk.key,resources/conf\gm\gmensdk.key,resources/conf\gm\gmensdk.crt,]
currentPath: F:\study\WEID\SZU_DID
----------------------------
<====> Error: try to connect nodes with both ecdsa and sm context failed <====>
<====>[1;31m Please refer to github issue: https://github.com/FISCO-BCOS/java-sdk/issues/536 [0m
<====>[1;31m Please refer to fisco-docs: https://fisco-bcos-documentation.readthedocs.io/zh_CN/latest/docs/faq/connect.html [0m
----------------------------
* FISCO BCOS Java SDK Version: 2.9.1
* Support secp256k1 : true
* Java Version : 1.8.0_351
* JDK Disabled NamedCurves : null
* JDK DisableNative Option : null
* OS Name : Windows 10
* OS Arch : amd64
* OS Version : 10.0
* JVM Version : 25.351-b10
* JVM Vendor : Oracle Corporation
* JVM Vendor URL : http://java.oracle.com/


	at org.fisco.bcos.sdk.BcosSDK.<init>(BcosSDK.java:108) ~[fisco-bcos-java-sdk-2.9.1.jar:?]
	at com.webank.weid.service.fisco.v2.WeServerV2.initBcosSdk(WeServerV2.java:309) ~[weid-java-sdk-1.8.6-rc1.jar:?]
	at com.webank.weid.service.fisco.v2.WeServerV2.initWeb3j(WeServerV2.java:124) ~[weid-java-sdk-1.8.6-rc1.jar:?]
	at com.webank.weid.service.fisco.v2.WeServerV2.<init>(WeServerV2.java:82) ~[weid-java-sdk-1.8.6-rc1.jar:?]
	at com.webank.weid.service.fisco.WeServer.getInstance(WeServer.java:122) ~[weid-java-sdk-1.8.6-rc1.jar:?]
	at com.webank.weid.service.BaseService.getWeServer(BaseService.java:71) ~[weid-java-sdk-1.8.6-rc1.jar:?]
	at com.webank.weid.service.BaseService.getClient(BaseService.java:94) ~[weid-java-sdk-1.8.6-rc1.jar:?]
	at com.webank.weid.service.BaseService.getClient(BaseService.java:84) ~[weid-java-sdk-1.8.6-rc1.jar:?]
	at com.webank.weid.service.impl.engine.fiscov2.DataBucketServiceEngineV2.<clinit>(DataBucketServiceEngineV2.java:41) ~[weid-java-sdk-1.8.6-rc1.jar:?]
	at com.webank.weid.service.impl.engine.EngineFactory.createDataBucketServiceEngine(EngineFactory.java:114) ~[weid-java-sdk-1.8.6-rc1.jar:?]
	at com.webank.weid.service.BaseService.getBucket(BaseService.java:75) ~[weid-java-sdk-1.8.6-rc1.jar:?]
	at com.webank.weid.service.BaseService.getAddress(BaseService.java:293) ~[weid-java-sdk-1.8.6-rc1.jar:?]
	at com.webank.weid.service.BaseService.reloadAddress(BaseService.java:274) ~[weid-java-sdk-1.8.6-rc1.jar:?]
	at com.webank.weid.service.impl.AbstractService.<clinit>(AbstractService.java:23) ~[weid-java-sdk-1.8.6-rc1.jar:?]
	at org.example.WeIdServiceClass.<init>(WeIdServiceClass.java:15) ~[classes/:?]
	at org.example.Main.main(Main.java:9) ~[classes/:?]
Caused by: io.netty.channel.ChannelException: init channel network error!
org.fisco.bcos.sdk.network.NetworkException: 
* TRACE INFORMATION:
----------------------------
====> STEP1: try to connect nodes with ecdsa context...
<==== STEP1 Result: try to connect nodes with ecdsa context failed for cert missing
* Missed certificates: [resources/conf\ca.crt,resources/conf\sdk.crt,resources/conf\sdk.key,]
currentPath: F:\study\WEID\SZU_DID

----------------------------
====> STEP2: connect nodes with ecdsa context failed, try to connect nodes with sm-context...
<==== STEP2 Result: connect with sm context failed for cert missing.
* Missed certificates: 
[resources/conf\gm\gmca.crt,resources/conf\gm\gmsdk.crt,resources/conf\gm\gmsdk.key,resources/conf\gm\gmensdk.key,resources/conf\gm\gmensdk.crt,]
currentPath: F:\study\WEID\SZU_DID
----------------------------
<====> Error: try to connect nodes with both ecdsa and sm context failed <====>
<====>[1;31m Please refer to github issue: https://github.com/FISCO-BCOS/java-sdk/issues/536 [0m
<====>[1;31m Please refer to fisco-docs: https://fisco-bcos-documentation.readthedocs.io/zh_CN/latest/docs/faq/connect.html [0m
----------------------------
* FISCO BCOS Java SDK Version: 2.9.1
* Support secp256k1 : true
* Java Version : 1.8.0_351
* JDK Disabled NamedCurves : null
* JDK DisableNative Option : null
* OS Name : Windows 10
* OS Arch : amd64
* OS Version : 10.0
* JVM Version : 25.351-b10
* JVM Vendor : Oracle Corporation
* JVM Vendor URL : http://java.oracle.com/


	at org.fisco.bcos.sdk.channel.ChannelImp.start(ChannelImp.java:96) ~[fisco-bcos-java-sdk-2.9.1.jar:?]
	at org.fisco.bcos.sdk.BcosSDK.<init>(BcosSDK.java:75) ~[fisco-bcos-java-sdk-2.9.1.jar:?]
	... 15 more
Caused by: org.fisco.bcos.sdk.network.NetworkException: org.fisco.bcos.sdk.network.NetworkException: 
* TRACE INFORMATION:
----------------------------
====> STEP1: try to connect nodes with ecdsa context...
<==== STEP1 Result: try to connect nodes with ecdsa context failed for cert missing
* Missed certificates: [resources/conf\ca.crt,resources/conf\sdk.crt,resources/conf\sdk.key,]
currentPath: F:\study\WEID\SZU_DID

----------------------------
====> STEP2: connect nodes with ecdsa context failed, try to connect nodes with sm-context...
<==== STEP2 Result: connect with sm context failed for cert missing.
* Missed certificates: 
[resources/conf\gm\gmca.crt,resources/conf\gm\gmsdk.crt,resources/conf\gm\gmsdk.key,resources/conf\gm\gmensdk.key,resources/conf\gm\gmensdk.crt,]
currentPath: F:\study\WEID\SZU_DID
----------------------------
<====> Error: try to connect nodes with both ecdsa and sm context failed <====>
<====>[1;31m Please refer to github issue: https://github.com/FISCO-BCOS/java-sdk/issues/536 [0m
<====>[1;31m Please refer to fisco-docs: https://fisco-bcos-documentation.readthedocs.io/zh_CN/latest/docs/faq/connect.html [0m
----------------------------
* FISCO BCOS Java SDK Version: 2.9.1
* Support secp256k1 : true
* Java Version : 1.8.0_351
* JDK Disabled NamedCurves : null
* JDK DisableNative Option : null
* OS Name : Windows 10
* OS Arch : amd64
* OS Version : 10.0
* JVM Version : 25.351-b10
* JVM Vendor : Oracle Corporation
* JVM Vendor URL : http://java.oracle.com/


	at org.fisco.bcos.sdk.network.NetworkImp.start(NetworkImp.java:268) ~[fisco-bcos-java-sdk-2.9.1.jar:?]
	at org.fisco.bcos.sdk.channel.ChannelImp.start(ChannelImp.java:89) ~[fisco-bcos-java-sdk-2.9.1.jar:?]
	at org.fisco.bcos.sdk.BcosSDK.<init>(BcosSDK.java:75) ~[fisco-bcos-java-sdk-2.9.1.jar:?]
	... 15 more
Caused by: org.fisco.bcos.sdk.network.NetworkException: 
* TRACE INFORMATION:
----------------------------
====> STEP1: try to connect nodes with ecdsa context...
<==== STEP1 Result: try to connect nodes with ecdsa context failed for cert missing
* Missed certificates: [resources/conf\ca.crt,resources/conf\sdk.crt,resources/conf\sdk.key,]
currentPath: F:\study\WEID\SZU_DID

----------------------------
====> STEP2: connect nodes with ecdsa context failed, try to connect nodes with sm-context...
<==== STEP2 Result: connect with sm context failed for cert missing.
* Missed certificates: 
[resources/conf\gm\gmca.crt,resources/conf\gm\gmsdk.crt,resources/conf\gm\gmsdk.key,resources/conf\gm\gmensdk.key,resources/conf\gm\gmensdk.crt,]
currentPath: F:\study\WEID\SZU_DID
----------------------------
<====> Error: try to connect nodes with both ecdsa and sm context failed <====>
<====>[1;31m Please refer to github issue: https://github.com/FISCO-BCOS/java-sdk/issues/536 [0m
<====>[1;31m Please refer to fisco-docs: https://fisco-bcos-documentation.readthedocs.io/zh_CN/latest/docs/faq/connect.html [0m
----------------------------
* FISCO BCOS Java SDK Version: 2.9.1
* Support secp256k1 : true
* Java Version : 1.8.0_351
* JDK Disabled NamedCurves : null
* JDK DisableNative Option : null
* OS Name : Windows 10
* OS Arch : amd64
* OS Version : 10.0
* JVM Version : 25.351-b10
* JVM Vendor : Oracle Corporation
* JVM Vendor URL : http://java.oracle.com/


	at org.fisco.bcos.sdk.network.NetworkImp.start(NetworkImp.java:232) ~[fisco-bcos-java-sdk-2.9.1.jar:?]
	at org.fisco.bcos.sdk.channel.ChannelImp.start(ChannelImp.java:89) ~[fisco-bcos-java-sdk-2.9.1.jar:?]
	at org.fisco.bcos.sdk.BcosSDK.<init>(BcosSDK.java:75) ~[fisco-bcos-java-sdk-2.9.1.jar:?]
	... 15 more
2022-12-01 13:23:57.434 [main] ERROR ChannelImp() - ====> init channel network error, org.fisco.bcos.sdk.network.NetworkException: 
* TRACE INFORMATION:
----------------------------
====> STEP1: try to connect nodes with ecdsa context...
<==== STEP1 Result: try to connect nodes with ecdsa context failed for cert missing
* Missed certificates: [resources/conf\ca.crt,resources/conf\sdk.crt,resources/conf\sdk.key,]
currentPath: F:\study\WEID\SZU_DID

----------------------------
====> STEP2: connect nodes with ecdsa context failed, try to connect nodes with sm-context...
<==== STEP2 Result: connect with sm context failed for cert missing.
* Missed certificates: 
[resources/conf\gm\gmca.crt,resources/conf\gm\gmsdk.crt,resources/conf\gm\gmsdk.key,resources/conf\gm\gmensdk.key,resources/conf\gm\gmensdk.crt,]
currentPath: F:\study\WEID\SZU_DID
----------------------------
<====> Error: try to connect nodes with both ecdsa and sm context failed <====>
<====>[1;31m Please refer to github issue: https://github.com/FISCO-BCOS/java-sdk/issues/536 [0m
<====>[1;31m Please refer to fisco-docs: https://fisco-bcos-documentation.readthedocs.io/zh_CN/latest/docs/faq/connect.html [0m
----------------------------
* FISCO BCOS Java SDK Version: 2.9.1
* Support secp256k1 : true
* Java Version : 1.8.0_351
* JDK Disabled NamedCurves : null
* JDK DisableNative Option : null
* OS Name : Windows 10
* OS Arch : amd64
* OS Version : 10.0
* JVM Version : 25.351-b10
* JVM Vendor : Oracle Corporation
* JVM Vendor URL : http://java.oracle.com/

 
2022-12-01 13:23:57.435 [main] ERROR WeServerV2() - [build] the ConfigOption build fail.
org.fisco.bcos.sdk.BcosSDKException: create BcosSDK failed, error info: init channel network error!
org.fisco.bcos.sdk.network.NetworkException: 
* TRACE INFORMATION:
----------------------------
====> STEP1: try to connect nodes with ecdsa context...
<==== STEP1 Result: try to connect nodes with ecdsa context failed for cert missing
* Missed certificates: [resources/conf\ca.crt,resources/conf\sdk.crt,resources/conf\sdk.key,]
currentPath: F:\study\WEID\SZU_DID

----------------------------
====> STEP2: connect nodes with ecdsa context failed, try to connect nodes with sm-context...
<==== STEP2 Result: connect with sm context failed for cert missing.
* Missed certificates: 
[resources/conf\gm\gmca.crt,resources/conf\gm\gmsdk.crt,resources/conf\gm\gmsdk.key,resources/conf\gm\gmensdk.key,resources/conf\gm\gmensdk.crt,]
currentPath: F:\study\WEID\SZU_DID
----------------------------
<====> Error: try to connect nodes with both ecdsa and sm context failed <====>
<====>[1;31m Please refer to github issue: https://github.com/FISCO-BCOS/java-sdk/issues/536 [0m
<====>[1;31m Please refer to fisco-docs: https://fisco-bcos-documentation.readthedocs.io/zh_CN/latest/docs/faq/connect.html [0m
----------------------------
* FISCO BCOS Java SDK Version: 2.9.1
* Support secp256k1 : true
* Java Version : 1.8.0_351
* JDK Disabled NamedCurves : null
* JDK DisableNative Option : null
* OS Name : Windows 10
* OS Arch : amd64
* OS Version : 10.0
* JVM Version : 25.351-b10
* JVM Vendor : Oracle Corporation
* JVM Vendor URL : http://java.oracle.com/


	at org.fisco.bcos.sdk.BcosSDK.<init>(BcosSDK.java:108) ~[fisco-bcos-java-sdk-2.9.1.jar:?]
	at com.webank.weid.service.fisco.v2.WeServerV2.initBcosSdk(WeServerV2.java:309) ~[weid-java-sdk-1.8.6-rc1.jar:?]
	at com.webank.weid.service.fisco.v2.WeServerV2.initWeb3j(WeServerV2.java:124) ~[weid-java-sdk-1.8.6-rc1.jar:?]
	at com.webank.weid.service.fisco.v2.WeServerV2.<init>(WeServerV2.java:82) ~[weid-java-sdk-1.8.6-rc1.jar:?]
	at com.webank.weid.service.fisco.WeServer.getInstance(WeServer.java:122) ~[weid-java-sdk-1.8.6-rc1.jar:?]
	at com.webank.weid.service.BaseService.getWeServer(BaseService.java:71) ~[weid-java-sdk-1.8.6-rc1.jar:?]
	at com.webank.weid.service.BaseService.getClient(BaseService.java:94) ~[weid-java-sdk-1.8.6-rc1.jar:?]
	at com.webank.weid.service.BaseService.getClient(BaseService.java:84) ~[weid-java-sdk-1.8.6-rc1.jar:?]
	at com.webank.weid.service.impl.engine.fiscov2.DataBucketServiceEngineV2.<clinit>(DataBucketServiceEngineV2.java:41) ~[weid-java-sdk-1.8.6-rc1.jar:?]
	at com.webank.weid.service.impl.engine.EngineFactory.createDataBucketServiceEngine(EngineFactory.java:114) ~[weid-java-sdk-1.8.6-rc1.jar:?]
	at com.webank.weid.service.BaseService.getBucket(BaseService.java:75) ~[weid-java-sdk-1.8.6-rc1.jar:?]
	at com.webank.weid.service.BaseService.getAddress(BaseService.java:293) ~[weid-java-sdk-1.8.6-rc1.jar:?]
	at com.webank.weid.service.BaseService.reloadAddress(BaseService.java:274) ~[weid-java-sdk-1.8.6-rc1.jar:?]
	at com.webank.weid.service.impl.AbstractService.<clinit>(AbstractService.java:23) ~[weid-java-sdk-1.8.6-rc1.jar:?]
	at org.example.WeIdServiceClass.<init>(WeIdServiceClass.java:15) ~[classes/:?]
	at org.example.Main.main(Main.java:9) ~[classes/:?]
Caused by: io.netty.channel.ChannelException: init channel network error!
org.fisco.bcos.sdk.network.NetworkException: 
* TRACE INFORMATION:
----------------------------
====> STEP1: try to connect nodes with ecdsa context...
<==== STEP1 Result: try to connect nodes with ecdsa context failed for cert missing
* Missed certificates: [resources/conf\ca.crt,resources/conf\sdk.crt,resources/conf\sdk.key,]
currentPath: F:\study\WEID\SZU_DID

----------------------------
====> STEP2: connect nodes with ecdsa context failed, try to connect nodes with sm-context...
<==== STEP2 Result: connect with sm context failed for cert missing.
* Missed certificates: 
[resources/conf\gm\gmca.crt,resources/conf\gm\gmsdk.crt,resources/conf\gm\gmsdk.key,resources/conf\gm\gmensdk.key,resources/conf\gm\gmensdk.crt,]
currentPath: F:\study\WEID\SZU_DID
----------------------------
<====> Error: try to connect nodes with both ecdsa and sm context failed <====>
<====>[1;31m Please refer to github issue: https://github.com/FISCO-BCOS/java-sdk/issues/536 [0m
<====>[1;31m Please refer to fisco-docs: https://fisco-bcos-documentation.readthedocs.io/zh_CN/latest/docs/faq/connect.html [0m
----------------------------
* FISCO BCOS Java SDK Version: 2.9.1
* Support secp256k1 : true
* Java Version : 1.8.0_351
* JDK Disabled NamedCurves : null
* JDK DisableNative Option : null
* OS Name : Windows 10
* OS Arch : amd64
* OS Version : 10.0
* JVM Version : 25.351-b10
* JVM Vendor : Oracle Corporation
* JVM Vendor URL : http://java.oracle.com/


	at org.fisco.bcos.sdk.channel.ChannelImp.start(ChannelImp.java:96) ~[fisco-bcos-java-sdk-2.9.1.jar:?]
	at org.fisco.bcos.sdk.BcosSDK.<init>(BcosSDK.java:75) ~[fisco-bcos-java-sdk-2.9.1.jar:?]
	... 15 more
Caused by: org.fisco.bcos.sdk.network.NetworkException: org.fisco.bcos.sdk.network.NetworkException: 
* TRACE INFORMATION:
----------------------------
====> STEP1: try to connect nodes with ecdsa context...
<==== STEP1 Result: try to connect nodes with ecdsa context failed for cert missing
* Missed certificates: [resources/conf\ca.crt,resources/conf\sdk.crt,resources/conf\sdk.key,]
currentPath: F:\study\WEID\SZU_DID

----------------------------
====> STEP2: connect nodes with ecdsa context failed, try to connect nodes with sm-context...
<==== STEP2 Result: connect with sm context failed for cert missing.
* Missed certificates: 
[resources/conf\gm\gmca.crt,resources/conf\gm\gmsdk.crt,resources/conf\gm\gmsdk.key,resources/conf\gm\gmensdk.key,resources/conf\gm\gmensdk.crt,]
currentPath: F:\study\WEID\SZU_DID
----------------------------
<====> Error: try to connect nodes with both ecdsa and sm context failed <====>
<====>[1;31m Please refer to github issue: https://github.com/FISCO-BCOS/java-sdk/issues/536 [0m
<====>[1;31m Please refer to fisco-docs: https://fisco-bcos-documentation.readthedocs.io/zh_CN/latest/docs/faq/connect.html [0m
----------------------------
* FISCO BCOS Java SDK Version: 2.9.1
* Support secp256k1 : true
* Java Version : 1.8.0_351
* JDK Disabled NamedCurves : null
* JDK DisableNative Option : null
* OS Name : Windows 10
* OS Arch : amd64
* OS Version : 10.0
* JVM Version : 25.351-b10
* JVM Vendor : Oracle Corporation
* JVM Vendor URL : http://java.oracle.com/


	at org.fisco.bcos.sdk.network.NetworkImp.start(NetworkImp.java:268) ~[fisco-bcos-java-sdk-2.9.1.jar:?]
	at org.fisco.bcos.sdk.channel.ChannelImp.start(ChannelImp.java:89) ~[fisco-bcos-java-sdk-2.9.1.jar:?]
	at org.fisco.bcos.sdk.BcosSDK.<init>(BcosSDK.java:75) ~[fisco-bcos-java-sdk-2.9.1.jar:?]
	... 15 more
Caused by: org.fisco.bcos.sdk.network.NetworkException: 
* TRACE INFORMATION:
----------------------------
====> STEP1: try to connect nodes with ecdsa context...
<==== STEP1 Result: try to connect nodes with ecdsa context failed for cert missing
* Missed certificates: [resources/conf\ca.crt,resources/conf\sdk.crt,resources/conf\sdk.key,]
currentPath: F:\study\WEID\SZU_DID

----------------------------
====> STEP2: connect nodes with ecdsa context failed, try to connect nodes with sm-context...
<==== STEP2 Result: connect with sm context failed for cert missing.
* Missed certificates: 
[resources/conf\gm\gmca.crt,resources/conf\gm\gmsdk.crt,resources/conf\gm\gmsdk.key,resources/conf\gm\gmensdk.key,resources/conf\gm\gmensdk.crt,]
currentPath: F:\study\WEID\SZU_DID
----------------------------
<====> Error: try to connect nodes with both ecdsa and sm context failed <====>
<====>[1;31m Please refer to github issue: https://github.com/FISCO-BCOS/java-sdk/issues/536 [0m
<====>[1;31m Please refer to fisco-docs: https://fisco-bcos-documentation.readthedocs.io/zh_CN/latest/docs/faq/connect.html [0m
----------------------------
* FISCO BCOS Java SDK Version: 2.9.1
* Support secp256k1 : true
* Java Version : 1.8.0_351
* JDK Disabled NamedCurves : null
* JDK DisableNative Option : null
* OS Name : Windows 10
* OS Arch : amd64
* OS Version : 10.0
* JVM Version : 25.351-b10
* JVM Vendor : Oracle Corporation
* JVM Vendor URL : http://java.oracle.com/


	at org.fisco.bcos.sdk.network.NetworkImp.start(NetworkImp.java:232) ~[fisco-bcos-java-sdk-2.9.1.jar:?]
	at org.fisco.bcos.sdk.channel.ChannelImp.start(ChannelImp.java:89) ~[fisco-bcos-java-sdk-2.9.1.jar:?]
	at org.fisco.bcos.sdk.BcosSDK.<init>(BcosSDK.java:75) ~[fisco-bcos-java-sdk-2.9.1.jar:?]
	... 15 more
2022-12-01 13:30:18.534 [main] ERROR ChannelImp() - ====> init channel network error, org.fisco.bcos.sdk.network.NetworkException: 
* TRACE INFORMATION:
----------------------------
====> STEP1: try to connect nodes with ecdsa context...
<==== STEP1 Result: try to connect nodes with ecdsa context failed for cert missing
* Missed certificates: [resources/conf\ca.crt,resources/conf\sdk.crt,resources/conf\sdk.key,]
currentPath: F:\study\WEID\SZU_DID

----------------------------
====> STEP2: connect nodes with ecdsa context failed, try to connect nodes with sm-context...
<==== STEP2 Result: connect with sm context failed for cert missing.
* Missed certificates: 
[resources/conf\gm\gmca.crt,resources/conf\gm\gmsdk.crt,resources/conf\gm\gmsdk.key,resources/conf\gm\gmensdk.key,resources/conf\gm\gmensdk.crt,]
currentPath: F:\study\WEID\SZU_DID
----------------------------
<====> Error: try to connect nodes with both ecdsa and sm context failed <====>
<====>[1;31m Please refer to github issue: https://github.com/FISCO-BCOS/java-sdk/issues/536 [0m
<====>[1;31m Please refer to fisco-docs: https://fisco-bcos-documentation.readthedocs.io/zh_CN/latest/docs/faq/connect.html [0m
----------------------------
* FISCO BCOS Java SDK Version: 2.9.1
* Support secp256k1 : true
* Java Version : 1.8.0_351
* JDK Disabled NamedCurves : null
* JDK DisableNative Option : null
* OS Name : Windows 10
* OS Arch : amd64
* OS Version : 10.0
* JVM Version : 25.351-b10
* JVM Vendor : Oracle Corporation
* JVM Vendor URL : http://java.oracle.com/

 
2022-12-01 13:30:18.535 [main] ERROR WeServerV2() - [build] the ConfigOption build fail.
org.fisco.bcos.sdk.BcosSDKException: create BcosSDK failed, error info: init channel network error!
org.fisco.bcos.sdk.network.NetworkException: 
* TRACE INFORMATION:
----------------------------
====> STEP1: try to connect nodes with ecdsa context...
<==== STEP1 Result: try to connect nodes with ecdsa context failed for cert missing
* Missed certificates: [resources/conf\ca.crt,resources/conf\sdk.crt,resources/conf\sdk.key,]
currentPath: F:\study\WEID\SZU_DID

----------------------------
====> STEP2: connect nodes with ecdsa context failed, try to connect nodes with sm-context...
<==== STEP2 Result: connect with sm context failed for cert missing.
* Missed certificates: 
[resources/conf\gm\gmca.crt,resources/conf\gm\gmsdk.crt,resources/conf\gm\gmsdk.key,resources/conf\gm\gmensdk.key,resources/conf\gm\gmensdk.crt,]
currentPath: F:\study\WEID\SZU_DID
----------------------------
<====> Error: try to connect nodes with both ecdsa and sm context failed <====>
<====>[1;31m Please refer to github issue: https://github.com/FISCO-BCOS/java-sdk/issues/536 [0m
<====>[1;31m Please refer to fisco-docs: https://fisco-bcos-documentation.readthedocs.io/zh_CN/latest/docs/faq/connect.html [0m
----------------------------
* FISCO BCOS Java SDK Version: 2.9.1
* Support secp256k1 : true
* Java Version : 1.8.0_351
* JDK Disabled NamedCurves : null
* JDK DisableNative Option : null
* OS Name : Windows 10
* OS Arch : amd64
* OS Version : 10.0
* JVM Version : 25.351-b10
* JVM Vendor : Oracle Corporation
* JVM Vendor URL : http://java.oracle.com/


	at org.fisco.bcos.sdk.BcosSDK.<init>(BcosSDK.java:108) ~[fisco-bcos-java-sdk-2.9.1.jar:?]
	at com.webank.weid.service.fisco.v2.WeServerV2.initBcosSdk(WeServerV2.java:309) ~[weid-java-sdk-1.8.6-rc1.jar:?]
	at com.webank.weid.service.fisco.v2.WeServerV2.initWeb3j(WeServerV2.java:124) ~[weid-java-sdk-1.8.6-rc1.jar:?]
	at com.webank.weid.service.fisco.v2.WeServerV2.<init>(WeServerV2.java:82) ~[weid-java-sdk-1.8.6-rc1.jar:?]
	at com.webank.weid.service.fisco.WeServer.getInstance(WeServer.java:122) ~[weid-java-sdk-1.8.6-rc1.jar:?]
	at com.webank.weid.service.BaseService.getWeServer(BaseService.java:71) ~[weid-java-sdk-1.8.6-rc1.jar:?]
	at com.webank.weid.service.BaseService.getClient(BaseService.java:94) ~[weid-java-sdk-1.8.6-rc1.jar:?]
	at com.webank.weid.service.BaseService.getClient(BaseService.java:84) ~[weid-java-sdk-1.8.6-rc1.jar:?]
	at com.webank.weid.service.impl.engine.fiscov2.DataBucketServiceEngineV2.<clinit>(DataBucketServiceEngineV2.java:41) ~[weid-java-sdk-1.8.6-rc1.jar:?]
	at com.webank.weid.service.impl.engine.EngineFactory.createDataBucketServiceEngine(EngineFactory.java:114) ~[weid-java-sdk-1.8.6-rc1.jar:?]
	at com.webank.weid.service.BaseService.getBucket(BaseService.java:75) ~[weid-java-sdk-1.8.6-rc1.jar:?]
	at com.webank.weid.service.BaseService.getAddress(BaseService.java:293) ~[weid-java-sdk-1.8.6-rc1.jar:?]
	at com.webank.weid.service.BaseService.reloadAddress(BaseService.java:274) ~[weid-java-sdk-1.8.6-rc1.jar:?]
	at com.webank.weid.service.impl.AbstractService.<clinit>(AbstractService.java:23) ~[weid-java-sdk-1.8.6-rc1.jar:?]
	at org.example.WeIdServiceClass.<init>(WeIdServiceClass.java:15) ~[classes/:?]
	at org.example.Main.main(Main.java:9) ~[classes/:?]
Caused by: io.netty.channel.ChannelException: init channel network error!
org.fisco.bcos.sdk.network.NetworkException: 
* TRACE INFORMATION:
----------------------------
====> STEP1: try to connect nodes with ecdsa context...
<==== STEP1 Result: try to connect nodes with ecdsa context failed for cert missing
* Missed certificates: [resources/conf\ca.crt,resources/conf\sdk.crt,resources/conf\sdk.key,]
currentPath: F:\study\WEID\SZU_DID

----------------------------
====> STEP2: connect nodes with ecdsa context failed, try to connect nodes with sm-context...
<==== STEP2 Result: connect with sm context failed for cert missing.
* Missed certificates: 
[resources/conf\gm\gmca.crt,resources/conf\gm\gmsdk.crt,resources/conf\gm\gmsdk.key,resources/conf\gm\gmensdk.key,resources/conf\gm\gmensdk.crt,]
currentPath: F:\study\WEID\SZU_DID
----------------------------
<====> Error: try to connect nodes with both ecdsa and sm context failed <====>
<====>[1;31m Please refer to github issue: https://github.com/FISCO-BCOS/java-sdk/issues/536 [0m
<====>[1;31m Please refer to fisco-docs: https://fisco-bcos-documentation.readthedocs.io/zh_CN/latest/docs/faq/connect.html [0m
----------------------------
* FISCO BCOS Java SDK Version: 2.9.1
* Support secp256k1 : true
* Java Version : 1.8.0_351
* JDK Disabled NamedCurves : null
* JDK DisableNative Option : null
* OS Name : Windows 10
* OS Arch : amd64
* OS Version : 10.0
* JVM Version : 25.351-b10
* JVM Vendor : Oracle Corporation
* JVM Vendor URL : http://java.oracle.com/


	at org.fisco.bcos.sdk.channel.ChannelImp.start(ChannelImp.java:96) ~[fisco-bcos-java-sdk-2.9.1.jar:?]
	at org.fisco.bcos.sdk.BcosSDK.<init>(BcosSDK.java:75) ~[fisco-bcos-java-sdk-2.9.1.jar:?]
	... 15 more
Caused by: org.fisco.bcos.sdk.network.NetworkException: org.fisco.bcos.sdk.network.NetworkException: 
* TRACE INFORMATION:
----------------------------
====> STEP1: try to connect nodes with ecdsa context...
<==== STEP1 Result: try to connect nodes with ecdsa context failed for cert missing
* Missed certificates: [resources/conf\ca.crt,resources/conf\sdk.crt,resources/conf\sdk.key,]
currentPath: F:\study\WEID\SZU_DID

----------------------------
====> STEP2: connect nodes with ecdsa context failed, try to connect nodes with sm-context...
<==== STEP2 Result: connect with sm context failed for cert missing.
* Missed certificates: 
[resources/conf\gm\gmca.crt,resources/conf\gm\gmsdk.crt,resources/conf\gm\gmsdk.key,resources/conf\gm\gmensdk.key,resources/conf\gm\gmensdk.crt,]
currentPath: F:\study\WEID\SZU_DID
----------------------------
<====> Error: try to connect nodes with both ecdsa and sm context failed <====>
<====>[1;31m Please refer to github issue: https://github.com/FISCO-BCOS/java-sdk/issues/536 [0m
<====>[1;31m Please refer to fisco-docs: https://fisco-bcos-documentation.readthedocs.io/zh_CN/latest/docs/faq/connect.html [0m
----------------------------
* FISCO BCOS Java SDK Version: 2.9.1
* Support secp256k1 : true
* Java Version : 1.8.0_351
* JDK Disabled NamedCurves : null
* JDK DisableNative Option : null
* OS Name : Windows 10
* OS Arch : amd64
* OS Version : 10.0
* JVM Version : 25.351-b10
* JVM Vendor : Oracle Corporation
* JVM Vendor URL : http://java.oracle.com/


	at org.fisco.bcos.sdk.network.NetworkImp.start(NetworkImp.java:268) ~[fisco-bcos-java-sdk-2.9.1.jar:?]
	at org.fisco.bcos.sdk.channel.ChannelImp.start(ChannelImp.java:89) ~[fisco-bcos-java-sdk-2.9.1.jar:?]
	at org.fisco.bcos.sdk.BcosSDK.<init>(BcosSDK.java:75) ~[fisco-bcos-java-sdk-2.9.1.jar:?]
	... 15 more
Caused by: org.fisco.bcos.sdk.network.NetworkException: 
* TRACE INFORMATION:
----------------------------
====> STEP1: try to connect nodes with ecdsa context...
<==== STEP1 Result: try to connect nodes with ecdsa context failed for cert missing
* Missed certificates: [resources/conf\ca.crt,resources/conf\sdk.crt,resources/conf\sdk.key,]
currentPath: F:\study\WEID\SZU_DID

----------------------------
====> STEP2: connect nodes with ecdsa context failed, try to connect nodes with sm-context...
<==== STEP2 Result: connect with sm context failed for cert missing.
* Missed certificates: 
[resources/conf\gm\gmca.crt,resources/conf\gm\gmsdk.crt,resources/conf\gm\gmsdk.key,resources/conf\gm\gmensdk.key,resources/conf\gm\gmensdk.crt,]
currentPath: F:\study\WEID\SZU_DID
----------------------------
<====> Error: try to connect nodes with both ecdsa and sm context failed <====>
<====>[1;31m Please refer to github issue: https://github.com/FISCO-BCOS/java-sdk/issues/536 [0m
<====>[1;31m Please refer to fisco-docs: https://fisco-bcos-documentation.readthedocs.io/zh_CN/latest/docs/faq/connect.html [0m
----------------------------
* FISCO BCOS Java SDK Version: 2.9.1
* Support secp256k1 : true
* Java Version : 1.8.0_351
* JDK Disabled NamedCurves : null
* JDK DisableNative Option : null
* OS Name : Windows 10
* OS Arch : amd64
* OS Version : 10.0
* JVM Version : 25.351-b10
* JVM Vendor : Oracle Corporation
* JVM Vendor URL : http://java.oracle.com/


	at org.fisco.bcos.sdk.network.NetworkImp.start(NetworkImp.java:232) ~[fisco-bcos-java-sdk-2.9.1.jar:?]
	at org.fisco.bcos.sdk.channel.ChannelImp.start(ChannelImp.java:89) ~[fisco-bcos-java-sdk-2.9.1.jar:?]
	at org.fisco.bcos.sdk.BcosSDK.<init>(BcosSDK.java:75) ~[fisco-bcos-java-sdk-2.9.1.jar:?]
	... 15 more
2022-12-01 17:00:04.710 [main] ERROR WeIdServiceEngineV2() - [getWeIdDocument]: exception.
org.fisco.bcos.sdk.transaction.model.exception.ContractException: Revert instruction
	at org.fisco.bcos.sdk.transaction.codec.decode.ReceiptParser.parseExceptionCall(ReceiptParser.java:102) ~[fisco-bcos-java-sdk-2.9.1.jar:?]
	at org.fisco.bcos.sdk.contract.Contract.executeCall(Contract.java:229) ~[fisco-bcos-java-sdk-2.9.1.jar:?]
	at org.fisco.bcos.sdk.contract.Contract.executeCallWithMultipleValueReturn(Contract.java:277) ~[fisco-bcos-java-sdk-2.9.1.jar:?]
	at com.webank.weid.contract.v2.WeIdContract.resolve(WeIdContract.java:286) ~[weid-contract-java-1.3.1-rc1.jar:?]
	at com.webank.weid.service.impl.engine.fiscov2.WeIdServiceEngineV2.getWeIdDocument(WeIdServiceEngineV2.java:102) ~[weid-java-sdk-1.8.6-rc1.jar:?]
	at com.webank.weid.service.impl.WeIdServiceImpl.getWeIdDocument(WeIdServiceImpl.java:181) ~[weid-java-sdk-1.8.6-rc1.jar:?]
	at com.webank.weid.service.impl.WeIdServiceImpl.getWeIdDocumentJson(WeIdServiceImpl.java:211) ~[weid-java-sdk-1.8.6-rc1.jar:?]
	at org.example.WeIdServiceClass.service(WeIdServiceClass.java:103) ~[classes/:?]
	at org.example.Main.main(Main.java:41) ~[classes/:?]
2022-12-01 17:00:36.497 [main] ERROR WeIdServiceEngineV2() - [getWeIdDocument]: exception.
org.fisco.bcos.sdk.transaction.model.exception.ContractException: Revert instruction
	at org.fisco.bcos.sdk.transaction.codec.decode.ReceiptParser.parseExceptionCall(ReceiptParser.java:102) ~[fisco-bcos-java-sdk-2.9.1.jar:?]
	at org.fisco.bcos.sdk.contract.Contract.executeCall(Contract.java:229) ~[fisco-bcos-java-sdk-2.9.1.jar:?]
	at org.fisco.bcos.sdk.contract.Contract.executeCallWithMultipleValueReturn(Contract.java:277) ~[fisco-bcos-java-sdk-2.9.1.jar:?]
	at com.webank.weid.contract.v2.WeIdContract.resolve(WeIdContract.java:286) ~[weid-contract-java-1.3.1-rc1.jar:?]
	at com.webank.weid.service.impl.engine.fiscov2.WeIdServiceEngineV2.getWeIdDocument(WeIdServiceEngineV2.java:102) ~[weid-java-sdk-1.8.6-rc1.jar:?]
	at com.webank.weid.service.impl.WeIdServiceImpl.getWeIdDocument(WeIdServiceImpl.java:181) ~[weid-java-sdk-1.8.6-rc1.jar:?]
	at com.webank.weid.service.impl.WeIdServiceImpl.getWeIdDocumentJson(WeIdServiceImpl.java:211) ~[weid-java-sdk-1.8.6-rc1.jar:?]
	at org.example.WeIdServiceClass.service(WeIdServiceClass.java:103) ~[classes/:?]
	at org.example.Main.main(Main.java:41) ~[classes/:?]
2022-12-01 17:02:22.701 [main] ERROR WeIdServiceEngineV2() - [getWeIdDocument]: exception.
org.fisco.bcos.sdk.transaction.model.exception.ContractException: Revert instruction
	at org.fisco.bcos.sdk.transaction.codec.decode.ReceiptParser.parseExceptionCall(ReceiptParser.java:102) ~[fisco-bcos-java-sdk-2.9.1.jar:?]
	at org.fisco.bcos.sdk.contract.Contract.executeCall(Contract.java:229) ~[fisco-bcos-java-sdk-2.9.1.jar:?]
	at org.fisco.bcos.sdk.contract.Contract.executeCallWithMultipleValueReturn(Contract.java:277) ~[fisco-bcos-java-sdk-2.9.1.jar:?]
	at com.webank.weid.contract.v2.WeIdContract.resolve(WeIdContract.java:286) ~[weid-contract-java-1.3.1-rc1.jar:?]
	at com.webank.weid.service.impl.engine.fiscov2.WeIdServiceEngineV2.getWeIdDocument(WeIdServiceEngineV2.java:102) ~[weid-java-sdk-1.8.6-rc1.jar:?]
	at com.webank.weid.service.impl.WeIdServiceImpl.getWeIdDocument(WeIdServiceImpl.java:181) ~[weid-java-sdk-1.8.6-rc1.jar:?]
	at com.webank.weid.service.impl.WeIdServiceImpl.getWeIdDocumentJson(WeIdServiceImpl.java:211) ~[weid-java-sdk-1.8.6-rc1.jar:?]
	at org.example.WeIdServiceClass.service(WeIdServiceClass.java:107) ~[classes/:?]
	at org.example.Main.main(Main.java:42) ~[classes/:?]
2022-12-01 20:06:53.572 [nioEventLoopGroup-2-1] ERROR ChannelHandler() -  handshake failed, host: 146.56.195.252, port: 20200, reason: General OpenSslEngine problem, error stack: javax.net.ssl.SSLHandshakeException: General OpenSslEngine problem 
2022-12-01 20:06:53.576 [AWT-EventQueue-0] ERROR ConnectionManager() - ssl handshake failed:/146.56.195.252:20200
 reason: secp256k1 algorithm is disabled by the current jdk. Please enable secp256k1 or replace to jdk that supports secp256k1.
2022-12-01 20:06:53.577 [AWT-EventQueue-0] ERROR ConnectionManager() -  all connections have failed, [{"code":1, "msg":"ssl handshake failed:/146.56.195.252:20200
 reason: secp256k1 algorithm is disabled by the current jdk. Please enable secp256k1 or replace to jdk that supports secp256k1."}] 
2022-12-01 20:06:55.717 [AWT-EventQueue-0] ERROR ChannelImp() - ====> init channel network error, org.fisco.bcos.sdk.network.NetworkException: 
* TRACE INFORMATION:
----------------------------
====> STEP1: try to connect nodes with ecdsa context...
<==== STEP1-1: Load certificates for ecdsa context success...
<==== STEP1 Result: try to connect nodes with ecdsa context failed. reason:
Failed to connect to all the nodes!
* ssl handshake failed:/146.56.195.252:20200
 reason: secp256k1 algorithm is disabled by the current jdk. Please enable secp256k1 or replace to jdk that supports secp256k1.

----------------------------
====> STEP2: connect nodes with ecdsa context failed, try to connect nodes with sm-context...
<==== STEP2 Result: connect with sm context failed for cert missing.
* Missed certificates: 
[F:\study\WEID\resources\conf\gm\gmca.crt,F:\study\WEID\resources\conf\gm\gmsdk.crt,F:\study\WEID\resources\conf\gm\gmsdk.key,F:\study\WEID\resources\conf\gm\gmensdk.key,F:\study\WEID\resources\conf\gm\gmensdk.crt,]
currentPath: F:\study\WEID\SZU_DID
----------------------------
<====> Error: try to connect nodes with both ecdsa and sm context failed <====>
<====>[1;31m Please refer to github issue: https://github.com/FISCO-BCOS/java-sdk/issues/536 [0m
<====>[1;31m Please refer to fisco-docs: https://fisco-bcos-documentation.readthedocs.io/zh_CN/latest/docs/faq/connect.html [0m
----------------------------
* FISCO BCOS Java SDK Version: 2.9.1
* Support secp256k1 : false
* Java Version : 17.0.5
* JDK Disabled NamedCurves : null
* JDK DisableNative Option : false
* OS Name : Windows 10
* OS Arch : amd64
* OS Version : 10.0
* JVM Version : 17.0.5+9-LTS-191
* JVM Vendor : Oracle Corporation
* JVM Vendor URL : https://java.oracle.com/

 
2022-12-01 20:06:55.719 [AWT-EventQueue-0] ERROR WeServerV2() - [build] the ConfigOption build fail.
org.fisco.bcos.sdk.BcosSDKException: create BcosSDK failed, error info: init channel network error!
org.fisco.bcos.sdk.network.NetworkException: 
* TRACE INFORMATION:
----------------------------
====> STEP1: try to connect nodes with ecdsa context...
<==== STEP1-1: Load certificates for ecdsa context success...
<==== STEP1 Result: try to connect nodes with ecdsa context failed. reason:
Failed to connect to all the nodes!
* ssl handshake failed:/146.56.195.252:20200
 reason: secp256k1 algorithm is disabled by the current jdk. Please enable secp256k1 or replace to jdk that supports secp256k1.

----------------------------
====> STEP2: connect nodes with ecdsa context failed, try to connect nodes with sm-context...
<==== STEP2 Result: connect with sm context failed for cert missing.
* Missed certificates: 
[F:\study\WEID\resources\conf\gm\gmca.crt,F:\study\WEID\resources\conf\gm\gmsdk.crt,F:\study\WEID\resources\conf\gm\gmsdk.key,F:\study\WEID\resources\conf\gm\gmensdk.key,F:\study\WEID\resources\conf\gm\gmensdk.crt,]
currentPath: F:\study\WEID\SZU_DID
----------------------------
<====> Error: try to connect nodes with both ecdsa and sm context failed <====>
<====>[1;31m Please refer to github issue: https://github.com/FISCO-BCOS/java-sdk/issues/536 [0m
<====>[1;31m Please refer to fisco-docs: https://fisco-bcos-documentation.readthedocs.io/zh_CN/latest/docs/faq/connect.html [0m
----------------------------
* FISCO BCOS Java SDK Version: 2.9.1
* Support secp256k1 : false
* Java Version : 17.0.5
* JDK Disabled NamedCurves : null
* JDK DisableNative Option : false
* OS Name : Windows 10
* OS Arch : amd64
* OS Version : 10.0
* JVM Version : 17.0.5+9-LTS-191
* JVM Vendor : Oracle Corporation
* JVM Vendor URL : https://java.oracle.com/


	at org.fisco.bcos.sdk.BcosSDK.<init>(BcosSDK.java:108) ~[fisco-bcos-java-sdk-2.9.1.jar:?]
	at com.webank.weid.service.fisco.v2.WeServerV2.initBcosSdk(WeServerV2.java:309) ~[weid-java-sdk-1.8.6-rc1.jar:?]
	at com.webank.weid.service.fisco.v2.WeServerV2.initWeb3j(WeServerV2.java:124) ~[weid-java-sdk-1.8.6-rc1.jar:?]
	at com.webank.weid.service.fisco.v2.WeServerV2.<init>(WeServerV2.java:82) ~[weid-java-sdk-1.8.6-rc1.jar:?]
	at com.webank.weid.service.fisco.WeServer.getInstance(WeServer.java:122) ~[weid-java-sdk-1.8.6-rc1.jar:?]
	at com.webank.weid.service.BaseService.getWeServer(BaseService.java:71) ~[weid-java-sdk-1.8.6-rc1.jar:?]
	at com.webank.weid.service.BaseService.getClient(BaseService.java:94) ~[weid-java-sdk-1.8.6-rc1.jar:?]
	at com.webank.weid.service.BaseService.getClient(BaseService.java:84) ~[weid-java-sdk-1.8.6-rc1.jar:?]
	at com.webank.weid.service.impl.engine.fiscov2.DataBucketServiceEngineV2.<clinit>(DataBucketServiceEngineV2.java:41) ~[weid-java-sdk-1.8.6-rc1.jar:?]
	at com.webank.weid.service.impl.engine.EngineFactory.createDataBucketServiceEngine(EngineFactory.java:114) ~[weid-java-sdk-1.8.6-rc1.jar:?]
	at com.webank.weid.service.BaseService.getBucket(BaseService.java:75) ~[weid-java-sdk-1.8.6-rc1.jar:?]
	at com.webank.weid.service.BaseService.getAddress(BaseService.java:293) ~[weid-java-sdk-1.8.6-rc1.jar:?]
	at com.webank.weid.service.BaseService.reloadAddress(BaseService.java:274) ~[weid-java-sdk-1.8.6-rc1.jar:?]
	at com.webank.weid.service.impl.AbstractService.<clinit>(AbstractService.java:23) ~[weid-java-sdk-1.8.6-rc1.jar:?]
	at org.example.Windows.<init>(Windows.java:11) ~[classes/:?]
	at java.awt.event.InvocationEvent.dispatch(InvocationEvent.java:318) ~[?:?]
	at java.awt.EventQueue.dispatchEventImpl(EventQueue.java:771) ~[?:?]
	at java.awt.EventQueue$4.run(EventQueue.java:722) ~[?:?]
	at java.awt.EventQueue$4.run(EventQueue.java:716) ~[?:?]
	at java.security.AccessController.doPrivileged(AccessController.java:399) ~[?:?]
	at java.security.ProtectionDomain$JavaSecurityAccessImpl.doIntersectionPrivilege(ProtectionDomain.java:86) ~[?:?]
	at java.awt.EventQueue.dispatchEvent(EventQueue.java:741) ~[?:?]
	at java.awt.EventDispatchThread.pumpOneEventForFilters(EventDispatchThread.java:203) ~[?:?]
	at java.awt.EventDispatchThread.pumpEventsForFilter(EventDispatchThread.java:124) ~[?:?]
	at java.awt.EventDispatchThread.pumpEventsForHierarchy(EventDispatchThread.java:113) ~[?:?]
	at java.awt.EventDispatchThread.pumpEvents(EventDispatchThread.java:109) ~[?:?]
	at java.awt.EventDispatchThread.pumpEvents(EventDispatchThread.java:101) ~[?:?]
	at java.awt.EventDispatchThread.run(EventDispatchThread.java:90) ~[?:?]
Caused by: io.netty.channel.ChannelException: init channel network error!
org.fisco.bcos.sdk.network.NetworkException: 
* TRACE INFORMATION:
----------------------------
====> STEP1: try to connect nodes with ecdsa context...
<==== STEP1-1: Load certificates for ecdsa context success...
<==== STEP1 Result: try to connect nodes with ecdsa context failed. reason:
Failed to connect to all the nodes!
* ssl handshake failed:/146.56.195.252:20200
 reason: secp256k1 algorithm is disabled by the current jdk. Please enable secp256k1 or replace to jdk that supports secp256k1.

----------------------------
====> STEP2: connect nodes with ecdsa context failed, try to connect nodes with sm-context...
<==== STEP2 Result: connect with sm context failed for cert missing.
* Missed certificates: 
[F:\study\WEID\resources\conf\gm\gmca.crt,F:\study\WEID\resources\conf\gm\gmsdk.crt,F:\study\WEID\resources\conf\gm\gmsdk.key,F:\study\WEID\resources\conf\gm\gmensdk.key,F:\study\WEID\resources\conf\gm\gmensdk.crt,]
currentPath: F:\study\WEID\SZU_DID
----------------------------
<====> Error: try to connect nodes with both ecdsa and sm context failed <====>
<====>[1;31m Please refer to github issue: https://github.com/FISCO-BCOS/java-sdk/issues/536 [0m
<====>[1;31m Please refer to fisco-docs: https://fisco-bcos-documentation.readthedocs.io/zh_CN/latest/docs/faq/connect.html [0m
----------------------------
* FISCO BCOS Java SDK Version: 2.9.1
* Support secp256k1 : false
* Java Version : 17.0.5
* JDK Disabled NamedCurves : null
* JDK DisableNative Option : false
* OS Name : Windows 10
* OS Arch : amd64
* OS Version : 10.0
* JVM Version : 17.0.5+9-LTS-191
* JVM Vendor : Oracle Corporation
* JVM Vendor URL : https://java.oracle.com/


	at org.fisco.bcos.sdk.channel.ChannelImp.start(ChannelImp.java:96) ~[fisco-bcos-java-sdk-2.9.1.jar:?]
	at org.fisco.bcos.sdk.BcosSDK.<init>(BcosSDK.java:75) ~[fisco-bcos-java-sdk-2.9.1.jar:?]
	... 27 more
Caused by: org.fisco.bcos.sdk.network.NetworkException: org.fisco.bcos.sdk.network.NetworkException: 
* TRACE INFORMATION:
----------------------------
====> STEP1: try to connect nodes with ecdsa context...
<==== STEP1-1: Load certificates for ecdsa context success...
<==== STEP1 Result: try to connect nodes with ecdsa context failed. reason:
Failed to connect to all the nodes!
* ssl handshake failed:/146.56.195.252:20200
 reason: secp256k1 algorithm is disabled by the current jdk. Please enable secp256k1 or replace to jdk that supports secp256k1.

----------------------------
====> STEP2: connect nodes with ecdsa context failed, try to connect nodes with sm-context...
<==== STEP2 Result: connect with sm context failed for cert missing.
* Missed certificates: 
[F:\study\WEID\resources\conf\gm\gmca.crt,F:\study\WEID\resources\conf\gm\gmsdk.crt,F:\study\WEID\resources\conf\gm\gmsdk.key,F:\study\WEID\resources\conf\gm\gmensdk.key,F:\study\WEID\resources\conf\gm\gmensdk.crt,]
currentPath: F:\study\WEID\SZU_DID
----------------------------
<====> Error: try to connect nodes with both ecdsa and sm context failed <====>
<====>[1;31m Please refer to github issue: https://github.com/FISCO-BCOS/java-sdk/issues/536 [0m
<====>[1;31m Please refer to fisco-docs: https://fisco-bcos-documentation.readthedocs.io/zh_CN/latest/docs/faq/connect.html [0m
----------------------------
* FISCO BCOS Java SDK Version: 2.9.1
* Support secp256k1 : false
* Java Version : 17.0.5
* JDK Disabled NamedCurves : null
* JDK DisableNative Option : false
* OS Name : Windows 10
* OS Arch : amd64
* OS Version : 10.0
* JVM Version : 17.0.5+9-LTS-191
* JVM Vendor : Oracle Corporation
* JVM Vendor URL : https://java.oracle.com/


	at org.fisco.bcos.sdk.network.NetworkImp.start(NetworkImp.java:268) ~[fisco-bcos-java-sdk-2.9.1.jar:?]
	at org.fisco.bcos.sdk.channel.ChannelImp.start(ChannelImp.java:89) ~[fisco-bcos-java-sdk-2.9.1.jar:?]
	at org.fisco.bcos.sdk.BcosSDK.<init>(BcosSDK.java:75) ~[fisco-bcos-java-sdk-2.9.1.jar:?]
	... 27 more
Caused by: org.fisco.bcos.sdk.network.NetworkException: 
* TRACE INFORMATION:
----------------------------
====> STEP1: try to connect nodes with ecdsa context...
<==== STEP1-1: Load certificates for ecdsa context success...
<==== STEP1 Result: try to connect nodes with ecdsa context failed. reason:
Failed to connect to all the nodes!
* ssl handshake failed:/146.56.195.252:20200
 reason: secp256k1 algorithm is disabled by the current jdk. Please enable secp256k1 or replace to jdk that supports secp256k1.

----------------------------
====> STEP2: connect nodes with ecdsa context failed, try to connect nodes with sm-context...
<==== STEP2 Result: connect with sm context failed for cert missing.
* Missed certificates: 
[F:\study\WEID\resources\conf\gm\gmca.crt,F:\study\WEID\resources\conf\gm\gmsdk.crt,F:\study\WEID\resources\conf\gm\gmsdk.key,F:\study\WEID\resources\conf\gm\gmensdk.key,F:\study\WEID\resources\conf\gm\gmensdk.crt,]
currentPath: F:\study\WEID\SZU_DID
----------------------------
<====> Error: try to connect nodes with both ecdsa and sm context failed <====>
<====>[1;31m Please refer to github issue: https://github.com/FISCO-BCOS/java-sdk/issues/536 [0m
<====>[1;31m Please refer to fisco-docs: https://fisco-bcos-documentation.readthedocs.io/zh_CN/latest/docs/faq/connect.html [0m
----------------------------
* FISCO BCOS Java SDK Version: 2.9.1
* Support secp256k1 : false
* Java Version : 17.0.5
* JDK Disabled NamedCurves : null
* JDK DisableNative Option : false
* OS Name : Windows 10
* OS Arch : amd64
* OS Version : 10.0
* JVM Version : 17.0.5+9-LTS-191
* JVM Vendor : Oracle Corporation
* JVM Vendor URL : https://java.oracle.com/


	at org.fisco.bcos.sdk.network.NetworkImp.start(NetworkImp.java:232) ~[fisco-bcos-java-sdk-2.9.1.jar:?]
	at org.fisco.bcos.sdk.channel.ChannelImp.start(ChannelImp.java:89) ~[fisco-bcos-java-sdk-2.9.1.jar:?]
	at org.fisco.bcos.sdk.BcosSDK.<init>(BcosSDK.java:75) ~[fisco-bcos-java-sdk-2.9.1.jar:?]
	... 27 more
2022-12-03 12:25:50.062 [main] ERROR ChannelImp() - ====> init channel network error, org.fisco.bcos.sdk.network.NetworkException: 
* TRACE INFORMATION:
----------------------------
====> STEP1: try to connect nodes with ecdsa context...
<==== STEP1 Result: try to connect nodes with ecdsa context failed for cert missing
* Missed certificates: [F:\study\WEID\resources\conf\ca.crt,F:\study\WEID\resources\conf\sdk.crt,F:\study\WEID\resources\conf\sdk.key,]
currentPath: E:\Study\DID\WEID\SZU_DID

----------------------------
====> STEP2: connect nodes with ecdsa context failed, try to connect nodes with sm-context...
<==== STEP2 Result: connect with sm context failed for cert missing.
* Missed certificates: 
[F:\study\WEID\resources\conf\gm\gmca.crt,F:\study\WEID\resources\conf\gm\gmsdk.crt,F:\study\WEID\resources\conf\gm\gmsdk.key,F:\study\WEID\resources\conf\gm\gmensdk.key,F:\study\WEID\resources\conf\gm\gmensdk.crt,]
currentPath: E:\Study\DID\WEID\SZU_DID
----------------------------
<====> Error: try to connect nodes with both ecdsa and sm context failed <====>
<====>[1;31m Please refer to github issue: https://github.com/FISCO-BCOS/java-sdk/issues/536 [0m
<====>[1;31m Please refer to fisco-docs: https://fisco-bcos-documentation.readthedocs.io/zh_CN/latest/docs/faq/connect.html [0m
----------------------------
* FISCO BCOS Java SDK Version: 2.9.1
* Support secp256k1 : true
* Java Version : 14.0.2
* JDK Disabled NamedCurves : null
* JDK DisableNative Option : null
* OS Name : Windows 10
* OS Arch : amd64
* OS Version : 10.0
* JVM Version : 14.0.2+12-46
* JVM Vendor : Oracle Corporation
* JVM Vendor URL : https://java.oracle.com/

 
2022-12-03 12:25:50.062 [main] ERROR WeServerV2() - [build] the ConfigOption build fail.
org.fisco.bcos.sdk.BcosSDKException: create BcosSDK failed, error info: init channel network error!
org.fisco.bcos.sdk.network.NetworkException: 
* TRACE INFORMATION:
----------------------------
====> STEP1: try to connect nodes with ecdsa context...
<==== STEP1 Result: try to connect nodes with ecdsa context failed for cert missing
* Missed certificates: [F:\study\WEID\resources\conf\ca.crt,F:\study\WEID\resources\conf\sdk.crt,F:\study\WEID\resources\conf\sdk.key,]
currentPath: E:\Study\DID\WEID\SZU_DID

----------------------------
====> STEP2: connect nodes with ecdsa context failed, try to connect nodes with sm-context...
<==== STEP2 Result: connect with sm context failed for cert missing.
* Missed certificates: 
[F:\study\WEID\resources\conf\gm\gmca.crt,F:\study\WEID\resources\conf\gm\gmsdk.crt,F:\study\WEID\resources\conf\gm\gmsdk.key,F:\study\WEID\resources\conf\gm\gmensdk.key,F:\study\WEID\resources\conf\gm\gmensdk.crt,]
currentPath: E:\Study\DID\WEID\SZU_DID
----------------------------
<====> Error: try to connect nodes with both ecdsa and sm context failed <====>
<====>[1;31m Please refer to github issue: https://github.com/FISCO-BCOS/java-sdk/issues/536 [0m
<====>[1;31m Please refer to fisco-docs: https://fisco-bcos-documentation.readthedocs.io/zh_CN/latest/docs/faq/connect.html [0m
----------------------------
* FISCO BCOS Java SDK Version: 2.9.1
* Support secp256k1 : true
* Java Version : 14.0.2
* JDK Disabled NamedCurves : null
* JDK DisableNative Option : null
* OS Name : Windows 10
* OS Arch : amd64
* OS Version : 10.0
* JVM Version : 14.0.2+12-46
* JVM Vendor : Oracle Corporation
* JVM Vendor URL : https://java.oracle.com/


	at org.fisco.bcos.sdk.BcosSDK.<init>(BcosSDK.java:108) ~[fisco-bcos-java-sdk-2.9.1.jar:?]
	at com.webank.weid.service.fisco.v2.WeServerV2.initBcosSdk(WeServerV2.java:309) ~[weid-java-sdk-1.8.6-rc1.jar:?]
	at com.webank.weid.service.fisco.v2.WeServerV2.initWeb3j(WeServerV2.java:124) ~[weid-java-sdk-1.8.6-rc1.jar:?]
	at com.webank.weid.service.fisco.v2.WeServerV2.<init>(WeServerV2.java:82) ~[weid-java-sdk-1.8.6-rc1.jar:?]
	at com.webank.weid.service.fisco.WeServer.getInstance(WeServer.java:122) ~[weid-java-sdk-1.8.6-rc1.jar:?]
	at com.webank.weid.service.BaseService.getWeServer(BaseService.java:71) ~[weid-java-sdk-1.8.6-rc1.jar:?]
	at com.webank.weid.service.BaseService.getClient(BaseService.java:94) ~[weid-java-sdk-1.8.6-rc1.jar:?]
	at com.webank.weid.service.BaseService.getClient(BaseService.java:84) ~[weid-java-sdk-1.8.6-rc1.jar:?]
	at com.webank.weid.service.impl.engine.fiscov2.DataBucketServiceEngineV2.<clinit>(DataBucketServiceEngineV2.java:41) ~[weid-java-sdk-1.8.6-rc1.jar:?]
	at com.webank.weid.service.impl.engine.EngineFactory.createDataBucketServiceEngine(EngineFactory.java:114) ~[weid-java-sdk-1.8.6-rc1.jar:?]
	at com.webank.weid.service.BaseService.getBucket(BaseService.java:75) ~[weid-java-sdk-1.8.6-rc1.jar:?]
	at com.webank.weid.service.BaseService.getAddress(BaseService.java:293) ~[weid-java-sdk-1.8.6-rc1.jar:?]
	at com.webank.weid.service.BaseService.reloadAddress(BaseService.java:274) ~[weid-java-sdk-1.8.6-rc1.jar:?]
	at com.webank.weid.service.impl.AbstractService.<clinit>(AbstractService.java:23) ~[weid-java-sdk-1.8.6-rc1.jar:?]
	at org.example.Windows.<init>(Windows.java:35) ~[classes/:?]
	at org.example.Main.main(Main.java:7) ~[classes/:?]
Caused by: io.netty.channel.ChannelException: init channel network error!
org.fisco.bcos.sdk.network.NetworkException: 
* TRACE INFORMATION:
----------------------------
====> STEP1: try to connect nodes with ecdsa context...
<==== STEP1 Result: try to connect nodes with ecdsa context failed for cert missing
* Missed certificates: [F:\study\WEID\resources\conf\ca.crt,F:\study\WEID\resources\conf\sdk.crt,F:\study\WEID\resources\conf\sdk.key,]
currentPath: E:\Study\DID\WEID\SZU_DID

----------------------------
====> STEP2: connect nodes with ecdsa context failed, try to connect nodes with sm-context...
<==== STEP2 Result: connect with sm context failed for cert missing.
* Missed certificates: 
[F:\study\WEID\resources\conf\gm\gmca.crt,F:\study\WEID\resources\conf\gm\gmsdk.crt,F:\study\WEID\resources\conf\gm\gmsdk.key,F:\study\WEID\resources\conf\gm\gmensdk.key,F:\study\WEID\resources\conf\gm\gmensdk.crt,]
currentPath: E:\Study\DID\WEID\SZU_DID
----------------------------
<====> Error: try to connect nodes with both ecdsa and sm context failed <====>
<====>[1;31m Please refer to github issue: https://github.com/FISCO-BCOS/java-sdk/issues/536 [0m
<====>[1;31m Please refer to fisco-docs: https://fisco-bcos-documentation.readthedocs.io/zh_CN/latest/docs/faq/connect.html [0m
----------------------------
* FISCO BCOS Java SDK Version: 2.9.1
* Support secp256k1 : true
* Java Version : 14.0.2
* JDK Disabled NamedCurves : null
* JDK DisableNative Option : null
* OS Name : Windows 10
* OS Arch : amd64
* OS Version : 10.0
* JVM Version : 14.0.2+12-46
* JVM Vendor : Oracle Corporation
* JVM Vendor URL : https://java.oracle.com/


	at org.fisco.bcos.sdk.channel.ChannelImp.start(ChannelImp.java:96) ~[fisco-bcos-java-sdk-2.9.1.jar:?]
	at org.fisco.bcos.sdk.BcosSDK.<init>(BcosSDK.java:75) ~[fisco-bcos-java-sdk-2.9.1.jar:?]
	... 15 more
Caused by: org.fisco.bcos.sdk.network.NetworkException: org.fisco.bcos.sdk.network.NetworkException: 
* TRACE INFORMATION:
----------------------------
====> STEP1: try to connect nodes with ecdsa context...
<==== STEP1 Result: try to connect nodes with ecdsa context failed for cert missing
* Missed certificates: [F:\study\WEID\resources\conf\ca.crt,F:\study\WEID\resources\conf\sdk.crt,F:\study\WEID\resources\conf\sdk.key,]
currentPath: E:\Study\DID\WEID\SZU_DID

----------------------------
====> STEP2: connect nodes with ecdsa context failed, try to connect nodes with sm-context...
<==== STEP2 Result: connect with sm context failed for cert missing.
* Missed certificates: 
[F:\study\WEID\resources\conf\gm\gmca.crt,F:\study\WEID\resources\conf\gm\gmsdk.crt,F:\study\WEID\resources\conf\gm\gmsdk.key,F:\study\WEID\resources\conf\gm\gmensdk.key,F:\study\WEID\resources\conf\gm\gmensdk.crt,]
currentPath: E:\Study\DID\WEID\SZU_DID
----------------------------
<====> Error: try to connect nodes with both ecdsa and sm context failed <====>
<====>[1;31m Please refer to github issue: https://github.com/FISCO-BCOS/java-sdk/issues/536 [0m
<====>[1;31m Please refer to fisco-docs: https://fisco-bcos-documentation.readthedocs.io/zh_CN/latest/docs/faq/connect.html [0m
----------------------------
* FISCO BCOS Java SDK Version: 2.9.1
* Support secp256k1 : true
* Java Version : 14.0.2
* JDK Disabled NamedCurves : null
* JDK DisableNative Option : null
* OS Name : Windows 10
* OS Arch : amd64
* OS Version : 10.0
* JVM Version : 14.0.2+12-46
* JVM Vendor : Oracle Corporation
* JVM Vendor URL : https://java.oracle.com/


	at org.fisco.bcos.sdk.network.NetworkImp.start(NetworkImp.java:268) ~[fisco-bcos-java-sdk-2.9.1.jar:?]
	at org.fisco.bcos.sdk.channel.ChannelImp.start(ChannelImp.java:89) ~[fisco-bcos-java-sdk-2.9.1.jar:?]
	at org.fisco.bcos.sdk.BcosSDK.<init>(BcosSDK.java:75) ~[fisco-bcos-java-sdk-2.9.1.jar:?]
	... 15 more
Caused by: org.fisco.bcos.sdk.network.NetworkException: 
* TRACE INFORMATION:
----------------------------
====> STEP1: try to connect nodes with ecdsa context...
<==== STEP1 Result: try to connect nodes with ecdsa context failed for cert missing
* Missed certificates: [F:\study\WEID\resources\conf\ca.crt,F:\study\WEID\resources\conf\sdk.crt,F:\study\WEID\resources\conf\sdk.key,]
currentPath: E:\Study\DID\WEID\SZU_DID

----------------------------
====> STEP2: connect nodes with ecdsa context failed, try to connect nodes with sm-context...
<==== STEP2 Result: connect with sm context failed for cert missing.
* Missed certificates: 
[F:\study\WEID\resources\conf\gm\gmca.crt,F:\study\WEID\resources\conf\gm\gmsdk.crt,F:\study\WEID\resources\conf\gm\gmsdk.key,F:\study\WEID\resources\conf\gm\gmensdk.key,F:\study\WEID\resources\conf\gm\gmensdk.crt,]
currentPath: E:\Study\DID\WEID\SZU_DID
----------------------------
<====> Error: try to connect nodes with both ecdsa and sm context failed <====>
<====>[1;31m Please refer to github issue: https://github.com/FISCO-BCOS/java-sdk/issues/536 [0m
<====>[1;31m Please refer to fisco-docs: https://fisco-bcos-documentation.readthedocs.io/zh_CN/latest/docs/faq/connect.html [0m
----------------------------
* FISCO BCOS Java SDK Version: 2.9.1
* Support secp256k1 : true
* Java Version : 14.0.2
* JDK Disabled NamedCurves : null
* JDK DisableNative Option : null
* OS Name : Windows 10
* OS Arch : amd64
* OS Version : 10.0
* JVM Version : 14.0.2+12-46
* JVM Vendor : Oracle Corporation
* JVM Vendor URL : https://java.oracle.com/


	at org.fisco.bcos.sdk.network.NetworkImp.start(NetworkImp.java:232) ~[fisco-bcos-java-sdk-2.9.1.jar:?]
	at org.fisco.bcos.sdk.channel.ChannelImp.start(ChannelImp.java:89) ~[fisco-bcos-java-sdk-2.9.1.jar:?]
	at org.fisco.bcos.sdk.BcosSDK.<init>(BcosSDK.java:75) ~[fisco-bcos-java-sdk-2.9.1.jar:?]
	... 15 more
