2022-12-14 12:11:26.640 [AWT-EventQueue-0] ERROR WeIdServiceEngineV2() - Create WeId failed: RevertInstruction. weid address is 0xd86800e125017cf1aae8069186fd15d4ba475c69
2022-12-14 12:11:26.641 [AWT-EventQueue-0] ERROR WeIdServiceImpl() - [createWeId] Create weId failed. error message is :the weid has already exist on blockchain.
2022-12-14 12:14:06.173 [AWT-EventQueue-0] ERROR WeIdServiceEngineV2() - Create WeId failed: RevertInstruction. weid address is 0x2e79c1ca1ff682a409fa87a418484a31f0648fbf
2022-12-14 12:14:06.173 [AWT-EventQueue-0] ERROR WeIdServiceImpl() - [createWeId] Create weId failed. error message is :the weid has already exist on blockchain.
2022-12-14 12:15:13.149 [AWT-EventQueue-0] ERROR WeIdServiceEngineV2() - Create WeId failed: RevertInstruction. weid address is 0xe8fc735a68748c425b7678d65f75356835b48d96
2022-12-14 12:15:13.150 [AWT-EventQueue-0] ERROR WeIdServiceImpl() - [createWeId] Create weId failed. error message is :the weid has already exist on blockchain.
2022-12-14 12:15:31.700 [AWT-EventQueue-0] ERROR WeIdServiceEngineV2() - Create WeId failed: RevertInstruction. weid address is 0xb1b67f944e754cc930d67a0f16c2c582e575e288
2022-12-14 12:15:31.700 [AWT-EventQueue-0] ERROR WeIdServiceImpl() - [createWeId] Create weId failed. error message is :the weid has already exist on blockchain.
2022-12-14 12:16:57.502 [AWT-EventQueue-0] ERROR WeIdServiceEngineV2() - Create WeId failed: RevertInstruction. weid address is 0xbbc39117f6dd877b403420b36268a7c4ec63d9e1
2022-12-14 12:16:57.502 [AWT-EventQueue-0] ERROR WeIdServiceImpl() - [createWeId] Create weId failed. error message is :the weid has already exist on blockchain.
2022-12-14 12:18:32.764 [AWT-EventQueue-0] ERROR WeIdServiceEngineV2() - Create WeId failed: RevertInstruction. weid address is 0x3d09bdfc6a88dc15c6fb292453b4a77c5099131a
2022-12-14 12:18:32.765 [AWT-EventQueue-0] ERROR WeIdServiceImpl() - [createWeId] Create weId failed. error message is :the weid has already exist on blockchain.
2022-12-14 12:21:36.047 [AWT-EventQueue-0] ERROR WeIdServiceEngineV2() - Create WeId failed: RevertInstruction. weid address is 0x5cbb0bce0595a1f7bc71aa9cb08cbed7d9aaa8b5
2022-12-14 12:21:36.047 [AWT-EventQueue-0] ERROR WeIdServiceImpl() - [createWeId] Create weId failed. error message is :the weid has already exist on blockchain.
2022-12-14 12:28:40.303 [AWT-EventQueue-0] ERROR WeIdServiceEngineV2() - Create WeId failed: RevertInstruction. weid address is 0x4bc60bbdb0473f492586f287175c1c266b4594c6
2022-12-14 12:28:40.303 [AWT-EventQueue-0] ERROR WeIdServiceImpl() - [createWeId] Create weId failed. error message is :the weid has already exist on blockchain.
2022-12-14 12:46:01.633 [AWT-EventQueue-0] WARN  Contract() - status of executeCall is non-success, status: 0x16, callResult: CallOutput{currentBlockNumber='0x46', status='0x16', output='0x'}
2022-12-14 12:46:01.639 [AWT-EventQueue-0] ERROR WeIdServiceEngineV2() - [getWeIdDocument]: exception.
org.fisco.bcos.sdk.transaction.model.exception.ContractException: Revert instruction
	at org.fisco.bcos.sdk.transaction.codec.decode.ReceiptParser.parseExceptionCall(ReceiptParser.java:102) ~[fisco-bcos-java-sdk-2.9.1.jar:?]
	at org.fisco.bcos.sdk.contract.Contract.executeCall(Contract.java:229) ~[fisco-bcos-java-sdk-2.9.1.jar:?]
	at org.fisco.bcos.sdk.contract.Contract.executeCallWithMultipleValueReturn(Contract.java:277) ~[fisco-bcos-java-sdk-2.9.1.jar:?]
	at com.webank.weid.contract.v2.WeIdContract.resolve(WeIdContract.java:286) ~[weid-contract-java-1.3.1-rc1.jar:?]
	at com.webank.weid.service.impl.engine.fiscov2.WeIdServiceEngineV2.getWeIdDocument(WeIdServiceEngineV2.java:102) ~[weid-java-sdk-1.8.6-rc1.jar:?]
	at com.webank.weid.service.impl.WeIdServiceImpl.getWeIdDocument(WeIdServiceImpl.java:181) ~[weid-java-sdk-1.8.6-rc1.jar:?]
	at com.webank.weid.service.impl.WeIdServiceImpl.getWeIdDocumentJson(WeIdServiceImpl.java:211) ~[weid-java-sdk-1.8.6-rc1.jar:?]
	at org.example.DIDService.getDIDDocument(DIDService.java:37) ~[classes/:?]
	at org.example.Windows.lambda$new$5(Windows.java:108) ~[classes/:?]
	at javax.swing.AbstractButton.fireActionPerformed(AbstractButton.java:1967) ~[?:?]
	at javax.swing.AbstractButton$Handler.actionPerformed(AbstractButton.java:2308) ~[?:?]
	at javax.swing.DefaultButtonModel.fireActionPerformed(DefaultButtonModel.java:405) ~[?:?]
	at javax.swing.DefaultButtonModel.setPressed(DefaultButtonModel.java:262) ~[?:?]
	at javax.swing.plaf.basic.BasicButtonListener.mouseReleased(BasicButtonListener.java:279) ~[?:?]
	at java.awt.Component.processMouseEvent(Component.java:6636) ~[?:?]
	at javax.swing.JComponent.processMouseEvent(JComponent.java:3342) ~[?:?]
	at java.awt.Component.processEvent(Component.java:6401) ~[?:?]
	at java.awt.Container.processEvent(Container.java:2263) ~[?:?]
	at java.awt.Component.dispatchEventImpl(Component.java:5012) ~[?:?]
	at java.awt.Container.dispatchEventImpl(Container.java:2321) ~[?:?]
	at java.awt.Component.dispatchEvent(Component.java:4844) ~[?:?]
	at java.awt.LightweightDispatcher.retargetMouseEvent(Container.java:4919) ~[?:?]
	at java.awt.LightweightDispatcher.processMouseEvent(Container.java:4548) ~[?:?]
	at java.awt.LightweightDispatcher.dispatchEvent(Container.java:4489) ~[?:?]
	at java.awt.Container.dispatchEventImpl(Container.java:2307) ~[?:?]
	at java.awt.Window.dispatchEventImpl(Window.java:2764) ~[?:?]
	at java.awt.Component.dispatchEvent(Component.java:4844) ~[?:?]
	at java.awt.EventQueue.dispatchEventImpl(EventQueue.java:772) ~[?:?]
	at java.awt.EventQueue$4.run(EventQueue.java:721) ~[?:?]
	at java.awt.EventQueue$4.run(EventQueue.java:715) ~[?:?]
	at java.security.AccessController.doPrivileged(AccessController.java:391) ~[?:?]
	at java.security.ProtectionDomain$JavaSecurityAccessImpl.doIntersectionPrivilege(ProtectionDomain.java:85) ~[?:?]
	at java.security.ProtectionDomain$JavaSecurityAccessImpl.doIntersectionPrivilege(ProtectionDomain.java:95) ~[?:?]
	at java.awt.EventQueue$5.run(EventQueue.java:745) ~[?:?]
	at java.awt.EventQueue$5.run(EventQueue.java:743) ~[?:?]
	at java.security.AccessController.doPrivileged(AccessController.java:391) ~[?:?]
	at java.security.ProtectionDomain$JavaSecurityAccessImpl.doIntersectionPrivilege(ProtectionDomain.java:85) ~[?:?]
	at java.awt.EventQueue.dispatchEvent(EventQueue.java:742) ~[?:?]
	at java.awt.EventDispatchThread.pumpOneEventForFilters(EventDispatchThread.java:203) ~[?:?]
	at java.awt.EventDispatchThread.pumpEventsForFilter(EventDispatchThread.java:124) ~[?:?]
	at java.awt.EventDispatchThread.pumpEventsForHierarchy(EventDispatchThread.java:113) ~[?:?]
	at java.awt.EventDispatchThread.pumpEvents(EventDispatchThread.java:109) ~[?:?]
	at java.awt.EventDispatchThread.pumpEvents(EventDispatchThread.java:101) ~[?:?]
	at java.awt.EventDispatchThread.run(EventDispatchThread.java:90) ~[?:?]
2022-12-14 12:46:09.894 [AWT-EventQueue-0] ERROR WeIdServiceEngineV2() - Create WeId failed: RevertInstruction. weid address is 0xc8769412d9f9817ace840acd420982369263b1c7
2022-12-14 12:46:09.894 [AWT-EventQueue-0] ERROR WeIdServiceImpl() - [createWeId] Create weId failed. error message is :the weid has already exist on blockchain.
2022-12-14 12:52:49.271 [AWT-EventQueue-0] WARN  Contract() - status of executeCall is non-success, status: 0x16, callResult: CallOutput{currentBlockNumber='0x48', status='0x16', output='0x'}
2022-12-14 12:52:49.277 [AWT-EventQueue-0] ERROR WeIdServiceEngineV2() - [getWeIdDocument]: exception.
org.fisco.bcos.sdk.transaction.model.exception.ContractException: Revert instruction
	at org.fisco.bcos.sdk.transaction.codec.decode.ReceiptParser.parseExceptionCall(ReceiptParser.java:102) ~[fisco-bcos-java-sdk-2.9.1.jar:?]
	at org.fisco.bcos.sdk.contract.Contract.executeCall(Contract.java:229) ~[fisco-bcos-java-sdk-2.9.1.jar:?]
	at org.fisco.bcos.sdk.contract.Contract.executeCallWithMultipleValueReturn(Contract.java:277) ~[fisco-bcos-java-sdk-2.9.1.jar:?]
	at com.webank.weid.contract.v2.WeIdContract.resolve(WeIdContract.java:286) ~[weid-contract-java-1.3.1-rc1.jar:?]
	at com.webank.weid.service.impl.engine.fiscov2.WeIdServiceEngineV2.getWeIdDocument(WeIdServiceEngineV2.java:102) ~[weid-java-sdk-1.8.6-rc1.jar:?]
	at com.webank.weid.service.impl.WeIdServiceImpl.getWeIdDocument(WeIdServiceImpl.java:181) ~[weid-java-sdk-1.8.6-rc1.jar:?]
	at com.webank.weid.service.impl.WeIdServiceImpl.getWeIdDocumentJson(WeIdServiceImpl.java:211) ~[weid-java-sdk-1.8.6-rc1.jar:?]
	at org.example.DIDService.getDIDDocument(DIDService.java:37) ~[classes/:?]
	at org.example.Windows.lambda$new$5(Windows.java:108) ~[classes/:?]
	at javax.swing.AbstractButton.fireActionPerformed(AbstractButton.java:1967) ~[?:?]
	at javax.swing.AbstractButton$Handler.actionPerformed(AbstractButton.java:2308) ~[?:?]
	at javax.swing.DefaultButtonModel.fireActionPerformed(DefaultButtonModel.java:405) ~[?:?]
	at javax.swing.DefaultButtonModel.setPressed(DefaultButtonModel.java:262) ~[?:?]
	at javax.swing.plaf.basic.BasicButtonListener.mouseReleased(BasicButtonListener.java:279) ~[?:?]
	at java.awt.Component.processMouseEvent(Component.java:6636) ~[?:?]
	at javax.swing.JComponent.processMouseEvent(JComponent.java:3342) ~[?:?]
	at java.awt.Component.processEvent(Component.java:6401) ~[?:?]
	at java.awt.Container.processEvent(Container.java:2263) ~[?:?]
	at java.awt.Component.dispatchEventImpl(Component.java:5012) ~[?:?]
	at java.awt.Container.dispatchEventImpl(Container.java:2321) ~[?:?]
	at java.awt.Component.dispatchEvent(Component.java:4844) ~[?:?]
	at java.awt.LightweightDispatcher.retargetMouseEvent(Container.java:4919) ~[?:?]
	at java.awt.LightweightDispatcher.processMouseEvent(Container.java:4548) ~[?:?]
	at java.awt.LightweightDispatcher.dispatchEvent(Container.java:4489) ~[?:?]
	at java.awt.Container.dispatchEventImpl(Container.java:2307) ~[?:?]
	at java.awt.Window.dispatchEventImpl(Window.java:2764) ~[?:?]
	at java.awt.Component.dispatchEvent(Component.java:4844) ~[?:?]
	at java.awt.EventQueue.dispatchEventImpl(EventQueue.java:772) ~[?:?]
	at java.awt.EventQueue$4.run(EventQueue.java:721) ~[?:?]
	at java.awt.EventQueue$4.run(EventQueue.java:715) ~[?:?]
	at java.security.AccessController.doPrivileged(AccessController.java:391) ~[?:?]
	at java.security.ProtectionDomain$JavaSecurityAccessImpl.doIntersectionPrivilege(ProtectionDomain.java:85) ~[?:?]
	at java.security.ProtectionDomain$JavaSecurityAccessImpl.doIntersectionPrivilege(ProtectionDomain.java:95) ~[?:?]
	at java.awt.EventQueue$5.run(EventQueue.java:745) ~[?:?]
	at java.awt.EventQueue$5.run(EventQueue.java:743) ~[?:?]
	at java.security.AccessController.doPrivileged(AccessController.java:391) ~[?:?]
	at java.security.ProtectionDomain$JavaSecurityAccessImpl.doIntersectionPrivilege(ProtectionDomain.java:85) ~[?:?]
	at java.awt.EventQueue.dispatchEvent(EventQueue.java:742) ~[?:?]
	at java.awt.EventDispatchThread.pumpOneEventForFilters(EventDispatchThread.java:203) ~[?:?]
	at java.awt.EventDispatchThread.pumpEventsForFilter(EventDispatchThread.java:124) ~[?:?]
	at java.awt.EventDispatchThread.pumpEventsForHierarchy(EventDispatchThread.java:113) ~[?:?]
	at java.awt.EventDispatchThread.pumpEvents(EventDispatchThread.java:109) ~[?:?]
	at java.awt.EventDispatchThread.pumpEvents(EventDispatchThread.java:101) ~[?:?]
	at java.awt.EventDispatchThread.run(EventDispatchThread.java:90) ~[?:?]
2022-12-14 12:53:10.641 [AWT-EventQueue-0] ERROR WeIdServiceEngineV2() - Create WeId failed: RevertInstruction. weid address is 0x79a9b5653e50aee67c81900655d0bd61cb0c6f32
2022-12-14 12:53:10.642 [AWT-EventQueue-0] ERROR WeIdServiceImpl() - [createWeId] Create weId failed. error message is :the weid has already exist on blockchain.
2022-12-14 13:12:40.335 [AWT-EventQueue-0] ERROR WeIdServiceEngineV2() - Create WeId failed: RevertInstruction. weid address is 0x050fc8f9d472441d9e0e4bfbae5e5aea5b397868
2022-12-14 13:12:40.335 [AWT-EventQueue-0] ERROR WeIdServiceImpl() - [createWeId] Create weId failed. error message is :the weid has already exist on blockchain.
2022-12-14 13:13:16.020 [AWT-EventQueue-0] ERROR WeIdServiceEngineV2() - Create WeId failed: RevertInstruction. weid address is 0x5e8e5366b8100bba2c275f1badd16349c6f394e0
2022-12-14 13:13:16.020 [AWT-EventQueue-0] ERROR WeIdServiceImpl() - [createWeId] Create weId failed. error message is :the weid has already exist on blockchain.
2022-12-14 13:20:09.710 [AWT-EventQueue-0] ERROR WeIdServiceEngineV2() - Create WeId failed: RevertInstruction. weid address is 0xf2480a0c798fba7673f323e86dc3e972359b7034
2022-12-14 13:20:09.711 [AWT-EventQueue-0] ERROR WeIdServiceImpl() - [createWeId] Create weId failed. error message is :the weid has already exist on blockchain.
2022-12-14 13:31:02.339 [AWT-EventQueue-0] WARN  Contract() - status of executeCall is non-success, status: 0x16, callResult: CallOutput{currentBlockNumber='0x4e', status='0x16', output='0x'}
2022-12-14 13:31:02.345 [AWT-EventQueue-0] ERROR WeIdServiceEngineV2() - [getWeIdDocument]: exception.
org.fisco.bcos.sdk.transaction.model.exception.ContractException: Revert instruction
	at org.fisco.bcos.sdk.transaction.codec.decode.ReceiptParser.parseExceptionCall(ReceiptParser.java:102) ~[fisco-bcos-java-sdk-2.9.1.jar:?]
	at org.fisco.bcos.sdk.contract.Contract.executeCall(Contract.java:229) ~[fisco-bcos-java-sdk-2.9.1.jar:?]
	at org.fisco.bcos.sdk.contract.Contract.executeCallWithMultipleValueReturn(Contract.java:277) ~[fisco-bcos-java-sdk-2.9.1.jar:?]
	at com.webank.weid.contract.v2.WeIdContract.resolve(WeIdContract.java:286) ~[weid-contract-java-1.3.1-rc1.jar:?]
	at com.webank.weid.service.impl.engine.fiscov2.WeIdServiceEngineV2.getWeIdDocument(WeIdServiceEngineV2.java:102) ~[weid-java-sdk-1.8.6-rc1.jar:?]
	at com.webank.weid.service.impl.WeIdServiceImpl.getWeIdDocument(WeIdServiceImpl.java:181) ~[weid-java-sdk-1.8.6-rc1.jar:?]
	at com.webank.weid.service.impl.WeIdServiceImpl.getWeIdDocumentJson(WeIdServiceImpl.java:211) ~[weid-java-sdk-1.8.6-rc1.jar:?]
	at org.example.DIDService.getDIDDocument(DIDService.java:37) ~[classes/:?]
	at org.example.Windows.lambda$new$5(Windows.java:108) ~[classes/:?]
	at javax.swing.AbstractButton.fireActionPerformed(AbstractButton.java:1967) ~[?:?]
	at javax.swing.AbstractButton$Handler.actionPerformed(AbstractButton.java:2308) ~[?:?]
	at javax.swing.DefaultButtonModel.fireActionPerformed(DefaultButtonModel.java:405) ~[?:?]
	at javax.swing.DefaultButtonModel.setPressed(DefaultButtonModel.java:262) ~[?:?]
	at javax.swing.plaf.basic.BasicButtonListener.mouseReleased(BasicButtonListener.java:279) ~[?:?]
	at java.awt.Component.processMouseEvent(Component.java:6636) ~[?:?]
	at javax.swing.JComponent.processMouseEvent(JComponent.java:3342) ~[?:?]
	at java.awt.Component.processEvent(Component.java:6401) ~[?:?]
	at java.awt.Container.processEvent(Container.java:2263) ~[?:?]
	at java.awt.Component.dispatchEventImpl(Component.java:5012) ~[?:?]
	at java.awt.Container.dispatchEventImpl(Container.java:2321) ~[?:?]
	at java.awt.Component.dispatchEvent(Component.java:4844) ~[?:?]
	at java.awt.LightweightDispatcher.retargetMouseEvent(Container.java:4919) ~[?:?]
	at java.awt.LightweightDispatcher.processMouseEvent(Container.java:4548) ~[?:?]
	at java.awt.LightweightDispatcher.dispatchEvent(Container.java:4489) ~[?:?]
	at java.awt.Container.dispatchEventImpl(Container.java:2307) ~[?:?]
	at java.awt.Window.dispatchEventImpl(Window.java:2764) ~[?:?]
	at java.awt.Component.dispatchEvent(Component.java:4844) ~[?:?]
	at java.awt.EventQueue.dispatchEventImpl(EventQueue.java:772) ~[?:?]
	at java.awt.EventQueue$4.run(EventQueue.java:721) ~[?:?]
	at java.awt.EventQueue$4.run(EventQueue.java:715) ~[?:?]
	at java.security.AccessController.doPrivileged(AccessController.java:391) ~[?:?]
	at java.security.ProtectionDomain$JavaSecurityAccessImpl.doIntersectionPrivilege(ProtectionDomain.java:85) ~[?:?]
	at java.security.ProtectionDomain$JavaSecurityAccessImpl.doIntersectionPrivilege(ProtectionDomain.java:95) ~[?:?]
	at java.awt.EventQueue$5.run(EventQueue.java:745) ~[?:?]
	at java.awt.EventQueue$5.run(EventQueue.java:743) ~[?:?]
	at java.security.AccessController.doPrivileged(AccessController.java:391) ~[?:?]
	at java.security.ProtectionDomain$JavaSecurityAccessImpl.doIntersectionPrivilege(ProtectionDomain.java:85) ~[?:?]
	at java.awt.EventQueue.dispatchEvent(EventQueue.java:742) ~[?:?]
	at java.awt.EventDispatchThread.pumpOneEventForFilters(EventDispatchThread.java:203) ~[?:?]
	at java.awt.EventDispatchThread.pumpEventsForFilter(EventDispatchThread.java:124) ~[?:?]
	at java.awt.EventDispatchThread.pumpEventsForHierarchy(EventDispatchThread.java:113) ~[?:?]
	at java.awt.EventDispatchThread.pumpEvents(EventDispatchThread.java:109) ~[?:?]
	at java.awt.EventDispatchThread.pumpEvents(EventDispatchThread.java:101) ~[?:?]
	at java.awt.EventDispatchThread.run(EventDispatchThread.java:90) ~[?:?]
2022-12-14 13:54:22.300 [AWT-EventQueue-0] ERROR WeIdServiceEngineV2() - Create WeId failed: RevertInstruction. weid address is 0x80221060f074e2259f17e6f25962c7fa11e6c55c
2022-12-14 13:54:22.300 [AWT-EventQueue-0] ERROR WeIdServiceImpl() - [createWeId] Create weId failed. error message is :the weid has already exist on blockchain.
2022-12-14 13:56:02.576 [AWT-EventQueue-0] WARN  Contract() - status of executeCall is non-success, status: 0x16, callResult: CallOutput{currentBlockNumber='0x50', status='0x16', output='0x'}
2022-12-14 13:56:02.582 [AWT-EventQueue-0] ERROR WeIdServiceEngineV2() - [getWeIdDocument]: exception.
org.fisco.bcos.sdk.transaction.model.exception.ContractException: Revert instruction
	at org.fisco.bcos.sdk.transaction.codec.decode.ReceiptParser.parseExceptionCall(ReceiptParser.java:102) ~[fisco-bcos-java-sdk-2.9.1.jar:?]
	at org.fisco.bcos.sdk.contract.Contract.executeCall(Contract.java:229) ~[fisco-bcos-java-sdk-2.9.1.jar:?]
	at org.fisco.bcos.sdk.contract.Contract.executeCallWithMultipleValueReturn(Contract.java:277) ~[fisco-bcos-java-sdk-2.9.1.jar:?]
	at com.webank.weid.contract.v2.WeIdContract.resolve(WeIdContract.java:286) ~[weid-contract-java-1.3.1-rc1.jar:?]
	at com.webank.weid.service.impl.engine.fiscov2.WeIdServiceEngineV2.getWeIdDocument(WeIdServiceEngineV2.java:102) ~[weid-java-sdk-1.8.6-rc1.jar:?]
	at com.webank.weid.service.impl.WeIdServiceImpl.getWeIdDocument(WeIdServiceImpl.java:181) ~[weid-java-sdk-1.8.6-rc1.jar:?]
	at com.webank.weid.service.impl.WeIdServiceImpl.getWeIdDocumentJson(WeIdServiceImpl.java:211) ~[weid-java-sdk-1.8.6-rc1.jar:?]
	at org.example.DIDService.getDIDDocument(DIDService.java:37) ~[classes/:?]
	at org.example.Windows.lambda$new$5(Windows.java:108) ~[classes/:?]
	at javax.swing.AbstractButton.fireActionPerformed(AbstractButton.java:1967) ~[?:?]
	at javax.swing.AbstractButton$Handler.actionPerformed(AbstractButton.java:2308) ~[?:?]
	at javax.swing.DefaultButtonModel.fireActionPerformed(DefaultButtonModel.java:405) ~[?:?]
	at javax.swing.DefaultButtonModel.setPressed(DefaultButtonModel.java:262) ~[?:?]
	at javax.swing.plaf.basic.BasicButtonListener.mouseReleased(BasicButtonListener.java:279) ~[?:?]
	at java.awt.Component.processMouseEvent(Component.java:6636) ~[?:?]
	at javax.swing.JComponent.processMouseEvent(JComponent.java:3342) ~[?:?]
	at java.awt.Component.processEvent(Component.java:6401) ~[?:?]
	at java.awt.Container.processEvent(Container.java:2263) ~[?:?]
	at java.awt.Component.dispatchEventImpl(Component.java:5012) ~[?:?]
	at java.awt.Container.dispatchEventImpl(Container.java:2321) ~[?:?]
	at java.awt.Component.dispatchEvent(Component.java:4844) ~[?:?]
	at java.awt.LightweightDispatcher.retargetMouseEvent(Container.java:4919) ~[?:?]
	at java.awt.LightweightDispatcher.processMouseEvent(Container.java:4548) ~[?:?]
	at java.awt.LightweightDispatcher.dispatchEvent(Container.java:4489) ~[?:?]
	at java.awt.Container.dispatchEventImpl(Container.java:2307) ~[?:?]
	at java.awt.Window.dispatchEventImpl(Window.java:2764) ~[?:?]
	at java.awt.Component.dispatchEvent(Component.java:4844) ~[?:?]
	at java.awt.EventQueue.dispatchEventImpl(EventQueue.java:772) ~[?:?]
	at java.awt.EventQueue$4.run(EventQueue.java:721) ~[?:?]
	at java.awt.EventQueue$4.run(EventQueue.java:715) ~[?:?]
	at java.security.AccessController.doPrivileged(AccessController.java:391) ~[?:?]
	at java.security.ProtectionDomain$JavaSecurityAccessImpl.doIntersectionPrivilege(ProtectionDomain.java:85) ~[?:?]
	at java.security.ProtectionDomain$JavaSecurityAccessImpl.doIntersectionPrivilege(ProtectionDomain.java:95) ~[?:?]
	at java.awt.EventQueue$5.run(EventQueue.java:745) ~[?:?]
	at java.awt.EventQueue$5.run(EventQueue.java:743) ~[?:?]
	at java.security.AccessController.doPrivileged(AccessController.java:391) ~[?:?]
	at java.security.ProtectionDomain$JavaSecurityAccessImpl.doIntersectionPrivilege(ProtectionDomain.java:85) ~[?:?]
	at java.awt.EventQueue.dispatchEvent(EventQueue.java:742) ~[?:?]
	at java.awt.EventDispatchThread.pumpOneEventForFilters(EventDispatchThread.java:203) ~[?:?]
	at java.awt.EventDispatchThread.pumpEventsForFilter(EventDispatchThread.java:124) ~[?:?]
	at java.awt.EventDispatchThread.pumpEventsForHierarchy(EventDispatchThread.java:113) ~[?:?]
	at java.awt.EventDispatchThread.pumpEvents(EventDispatchThread.java:109) ~[?:?]
	at java.awt.EventDispatchThread.pumpEvents(EventDispatchThread.java:101) ~[?:?]
	at java.awt.EventDispatchThread.run(EventDispatchThread.java:90) ~[?:?]
2022-12-14 15:17:48.772 [main] ERROR ConnectionManager() - connect to 146.56.195.252:20200 failed! Please make sure the nodes have been started, and the network between the SDK and the nodes are connected normally.reason: Connection refused: no further information: /146.56.195.252:20200
, cause: Connection refused: no further information: /146.56.195.252:20200
2022-12-14 15:17:48.774 [main] ERROR ConnectionManager() -  all connections have failed, [{"code":2, "msg":"connect to 146.56.195.252:20200 failed! Please make sure the nodes have been started, and the network between the SDK and the nodes are connected normally.reason: Connection refused: no further information: /146.56.195.252:20200
"}] 
2022-12-14 15:17:48.774 [main] WARN  NetworkImp() - <==== connect nodes failed, reason:
Failed to connect to all the nodes!
* connect to 146.56.195.252:20200 failed! Please make sure the nodes have been started, and the network between the SDK and the nodes are connected normally.reason: Connection refused: no further information: /146.56.195.252:20200


2022-12-14 15:17:50.886 [main] ERROR ChannelImp() - ====> init channel network error, org.fisco.bcos.sdk.network.NetworkException: 
* TRACE INFORMATION:
----------------------------
====> STEP1: try to connect nodes with ecdsa context...
<==== STEP1-1: Load certificates for ecdsa context success...
<==== connect nodes failed, reason:
Failed to connect to all the nodes!
* connect to 146.56.195.252:20200 failed! Please make sure the nodes have been started, and the network between the SDK and the nodes are connected normally.reason: Connection refused: no further information: /146.56.195.252:20200


 
2022-12-14 15:17:50.887 [main] WARN  ChannelImp() - The channel has already been stopped!
2022-12-14 15:17:50.887 [main] ERROR WeServerV2() - [build] the ConfigOption build fail.
org.fisco.bcos.sdk.BcosSDKException: create BcosSDK failed, error info: init channel network error!
org.fisco.bcos.sdk.network.NetworkException: 
* TRACE INFORMATION:
----------------------------
====> STEP1: try to connect nodes with ecdsa context...
<==== STEP1-1: Load certificates for ecdsa context success...
<==== connect nodes failed, reason:
Failed to connect to all the nodes!
* connect to 146.56.195.252:20200 failed! Please make sure the nodes have been started, and the network between the SDK and the nodes are connected normally.reason: Connection refused: no further information: /146.56.195.252:20200



	at org.fisco.bcos.sdk.BcosSDK.<init>(BcosSDK.java:108) ~[fisco-bcos-java-sdk-2.9.1.jar:?]
	at com.webank.weid.service.fisco.v2.WeServerV2.initBcosSdk(WeServerV2.java:309) ~[weid-java-sdk-1.8.6-rc1.jar:?]
	at com.webank.weid.service.fisco.v2.WeServerV2.initWeb3j(WeServerV2.java:124) ~[weid-java-sdk-1.8.6-rc1.jar:?]
	at com.webank.weid.service.fisco.v2.WeServerV2.<init>(WeServerV2.java:82) ~[weid-java-sdk-1.8.6-rc1.jar:?]
	at com.webank.weid.service.fisco.WeServer.getInstance(WeServer.java:122) ~[weid-java-sdk-1.8.6-rc1.jar:?]
	at com.webank.weid.service.BaseService.getWeServer(BaseService.java:71) ~[weid-java-sdk-1.8.6-rc1.jar:?]
	at com.webank.weid.service.BaseService.<init>(BaseService.java:58) ~[weid-java-sdk-1.8.6-rc1.jar:?]
	at com.webank.weid.service.impl.engine.BaseEngine.<init>(BaseEngine.java:39) ~[weid-java-sdk-1.8.6-rc1.jar:?]
	at com.webank.weid.service.impl.engine.fiscov2.WeIdServiceEngineV2.<init>(WeIdServiceEngineV2.java:46) ~[weid-java-sdk-1.8.6-rc1.jar:?]
	at com.webank.weid.service.impl.engine.EngineFactory.createWeIdServiceEngine(EngineFactory.java:52) ~[weid-java-sdk-1.8.6-rc1.jar:?]
	at com.webank.weid.service.impl.AbstractService.<clinit>(AbstractService.java:25) ~[weid-java-sdk-1.8.6-rc1.jar:?]
	at org.example.Windows.<init>(Windows.java:43) ~[classes/:?]
	at org.example.Main.main(Main.java:7) ~[classes/:?]
Caused by: io.netty.channel.ChannelException: init channel network error!
org.fisco.bcos.sdk.network.NetworkException: 
* TRACE INFORMATION:
----------------------------
====> STEP1: try to connect nodes with ecdsa context...
<==== STEP1-1: Load certificates for ecdsa context success...
<==== connect nodes failed, reason:
Failed to connect to all the nodes!
* connect to 146.56.195.252:20200 failed! Please make sure the nodes have been started, and the network between the SDK and the nodes are connected normally.reason: Connection refused: no further information: /146.56.195.252:20200



	at org.fisco.bcos.sdk.channel.ChannelImp.start(ChannelImp.java:96) ~[fisco-bcos-java-sdk-2.9.1.jar:?]
	at org.fisco.bcos.sdk.BcosSDK.<init>(BcosSDK.java:75) ~[fisco-bcos-java-sdk-2.9.1.jar:?]
	... 12 more
Caused by: org.fisco.bcos.sdk.network.NetworkException: org.fisco.bcos.sdk.network.NetworkException: 
* TRACE INFORMATION:
----------------------------
====> STEP1: try to connect nodes with ecdsa context...
<==== STEP1-1: Load certificates for ecdsa context success...
<==== connect nodes failed, reason:
Failed to connect to all the nodes!
* connect to 146.56.195.252:20200 failed! Please make sure the nodes have been started, and the network between the SDK and the nodes are connected normally.reason: Connection refused: no further information: /146.56.195.252:20200



	at org.fisco.bcos.sdk.network.NetworkImp.start(NetworkImp.java:268) ~[fisco-bcos-java-sdk-2.9.1.jar:?]
	at org.fisco.bcos.sdk.channel.ChannelImp.start(ChannelImp.java:89) ~[fisco-bcos-java-sdk-2.9.1.jar:?]
	at org.fisco.bcos.sdk.BcosSDK.<init>(BcosSDK.java:75) ~[fisco-bcos-java-sdk-2.9.1.jar:?]
	... 12 more
Caused by: org.fisco.bcos.sdk.network.NetworkException: 
* TRACE INFORMATION:
----------------------------
====> STEP1: try to connect nodes with ecdsa context...
<==== STEP1-1: Load certificates for ecdsa context success...
<==== connect nodes failed, reason:
Failed to connect to all the nodes!
* connect to 146.56.195.252:20200 failed! Please make sure the nodes have been started, and the network between the SDK and the nodes are connected normally.reason: Connection refused: no further information: /146.56.195.252:20200



	at org.fisco.bcos.sdk.network.NetworkImp.start(NetworkImp.java:192) ~[fisco-bcos-java-sdk-2.9.1.jar:?]
	at org.fisco.bcos.sdk.channel.ChannelImp.start(ChannelImp.java:89) ~[fisco-bcos-java-sdk-2.9.1.jar:?]
	at org.fisco.bcos.sdk.BcosSDK.<init>(BcosSDK.java:75) ~[fisco-bcos-java-sdk-2.9.1.jar:?]
	... 12 more
2022-12-14 15:20:20.032 [AWT-EventQueue-0] ERROR WeIdServiceEngineV2() - Create WeId failed: RevertInstruction. weid address is 0x7b4bfb89291ff358e09e4c8808e1d6548de146c8
2022-12-14 15:20:20.033 [AWT-EventQueue-0] ERROR WeIdServiceImpl() - [createWeId] Create weId failed. error message is :the weid has already exist on blockchain.
2022-12-14 15:29:53.879 [AWT-EventQueue-0] ERROR WeIdServiceImpl() - [createWeId]: create weid failed, the weid :did:weid:666:0x585fdd599059a0e2b0bf6abd84326364d22139e2 is already exist
2022-12-14 15:50:21.151 [AWT-EventQueue-0] ERROR WeIdServiceImpl() - [createWeId]: create weid failed, the weid :did:weid:666:0x585fdd599059a0e2b0bf6abd84326364d22139e2 is already exist
2022-12-14 15:54:37.900 [AWT-EventQueue-0] WARN  Contract() - status of executeCall is non-success, status: 0x1a, callResult: CallOutput{currentBlockNumber='0x66', status='0x1a', output='0x08c379a0000000000000000000000000000000000000000000000000000000000000002000000000000000000000000000000000000000000000000000000000000000364572726f7220616464726573733a3061373136663434383635613163353638333566363963363430626133396561373963333339373200000000000000000000'}
2022-12-14 15:54:37.906 [AWT-EventQueue-0] ERROR WeIdServiceEngineV2() - [getWeIdTotal]: get weId total has unknow error. 
org.fisco.bcos.sdk.transaction.model.exception.ContractException: Error address:0a716f44865a1c56835f69c640ba39ea79c33972
	at org.fisco.bcos.sdk.transaction.codec.decode.ReceiptParser.parseExceptionCall(ReceiptParser.java:102) ~[fisco-bcos-java-sdk-2.9.1.jar:?]
	at org.fisco.bcos.sdk.contract.Contract.executeCall(Contract.java:229) ~[fisco-bcos-java-sdk-2.9.1.jar:?]
	at org.fisco.bcos.sdk.contract.Contract.executeCallWithSingleValueReturn(Contract.java:243) ~[fisco-bcos-java-sdk-2.9.1.jar:?]
	at org.fisco.bcos.sdk.contract.Contract.executeCallWithSingleValueReturn(Contract.java:257) ~[fisco-bcos-java-sdk-2.9.1.jar:?]
	at com.webank.weid.contract.v2.WeIdContract.getWeIdCount(WeIdContract.java:265) ~[weid-contract-java-1.3.1-rc1.jar:?]
	at com.webank.weid.service.impl.engine.fiscov2.WeIdServiceEngineV2.getWeIdCount(WeIdServiceEngineV2.java:306) ~[weid-java-sdk-1.8.6-rc1.jar:?]
	at com.webank.weid.service.impl.WeIdServiceImpl.getWeIdCount(WeIdServiceImpl.java:612) ~[weid-java-sdk-1.8.6-rc1.jar:?]
	at org.example.DIDService.getCount(DIDService.java:16) ~[classes/:?]
	at org.example.Windows.lambda$new$4(Windows.java:103) ~[classes/:?]
	at javax.swing.AbstractButton.fireActionPerformed(AbstractButton.java:1967) ~[?:?]
	at javax.swing.AbstractButton$Handler.actionPerformed(AbstractButton.java:2308) ~[?:?]
	at javax.swing.DefaultButtonModel.fireActionPerformed(DefaultButtonModel.java:405) ~[?:?]
	at javax.swing.DefaultButtonModel.setPressed(DefaultButtonModel.java:262) ~[?:?]
	at javax.swing.plaf.basic.BasicButtonListener.mouseReleased(BasicButtonListener.java:279) ~[?:?]
	at java.awt.Component.processMouseEvent(Component.java:6636) ~[?:?]
	at javax.swing.JComponent.processMouseEvent(JComponent.java:3342) ~[?:?]
	at java.awt.Component.processEvent(Component.java:6401) ~[?:?]
	at java.awt.Container.processEvent(Container.java:2263) ~[?:?]
	at java.awt.Component.dispatchEventImpl(Component.java:5012) ~[?:?]
	at java.awt.Container.dispatchEventImpl(Container.java:2321) ~[?:?]
	at java.awt.Component.dispatchEvent(Component.java:4844) ~[?:?]
	at java.awt.LightweightDispatcher.retargetMouseEvent(Container.java:4919) ~[?:?]
	at java.awt.LightweightDispatcher.processMouseEvent(Container.java:4548) ~[?:?]
	at java.awt.LightweightDispatcher.dispatchEvent(Container.java:4489) ~[?:?]
	at java.awt.Container.dispatchEventImpl(Container.java:2307) ~[?:?]
	at java.awt.Window.dispatchEventImpl(Window.java:2764) ~[?:?]
	at java.awt.Component.dispatchEvent(Component.java:4844) ~[?:?]
	at java.awt.EventQueue.dispatchEventImpl(EventQueue.java:772) ~[?:?]
	at java.awt.EventQueue$4.run(EventQueue.java:721) ~[?:?]
	at java.awt.EventQueue$4.run(EventQueue.java:715) ~[?:?]
	at java.security.AccessController.doPrivileged(AccessController.java:391) ~[?:?]
	at java.security.ProtectionDomain$JavaSecurityAccessImpl.doIntersectionPrivilege(ProtectionDomain.java:85) ~[?:?]
	at java.security.ProtectionDomain$JavaSecurityAccessImpl.doIntersectionPrivilege(ProtectionDomain.java:95) ~[?:?]
	at java.awt.EventQueue$5.run(EventQueue.java:745) ~[?:?]
	at java.awt.EventQueue$5.run(EventQueue.java:743) ~[?:?]
	at java.security.AccessController.doPrivileged(AccessController.java:391) ~[?:?]
	at java.security.ProtectionDomain$JavaSecurityAccessImpl.doIntersectionPrivilege(ProtectionDomain.java:85) ~[?:?]
	at java.awt.EventQueue.dispatchEvent(EventQueue.java:742) ~[?:?]
	at java.awt.EventDispatchThread.pumpOneEventForFilters(EventDispatchThread.java:203) ~[?:?]
	at java.awt.EventDispatchThread.pumpEventsForFilter(EventDispatchThread.java:124) ~[?:?]
	at java.awt.EventDispatchThread.pumpEventsForHierarchy(EventDispatchThread.java:113) ~[?:?]
	at java.awt.EventDispatchThread.pumpEvents(EventDispatchThread.java:109) ~[?:?]
	at java.awt.EventDispatchThread.pumpEvents(EventDispatchThread.java:101) ~[?:?]
	at java.awt.EventDispatchThread.run(EventDispatchThread.java:90) ~[?:?]
2022-12-14 15:54:40.099 [AWT-EventQueue-0] WARN  Contract() - status of executeCall is non-success, status: 0x1a, callResult: CallOutput{currentBlockNumber='0x66', status='0x1a', output='0x08c379a0000000000000000000000000000000000000000000000000000000000000002000000000000000000000000000000000000000000000000000000000000000364572726f7220616464726573733a3061373136663434383635613163353638333566363963363430626133396561373963333339373200000000000000000000'}
2022-12-14 15:54:40.099 [AWT-EventQueue-0] ERROR WeIdServiceEngineV2() - [getWeIdTotal]: get weId total has unknow error. 
org.fisco.bcos.sdk.transaction.model.exception.ContractException: Error address:0a716f44865a1c56835f69c640ba39ea79c33972
	at org.fisco.bcos.sdk.transaction.codec.decode.ReceiptParser.parseExceptionCall(ReceiptParser.java:102) ~[fisco-bcos-java-sdk-2.9.1.jar:?]
	at org.fisco.bcos.sdk.contract.Contract.executeCall(Contract.java:229) ~[fisco-bcos-java-sdk-2.9.1.jar:?]
	at org.fisco.bcos.sdk.contract.Contract.executeCallWithSingleValueReturn(Contract.java:243) ~[fisco-bcos-java-sdk-2.9.1.jar:?]
	at org.fisco.bcos.sdk.contract.Contract.executeCallWithSingleValueReturn(Contract.java:257) ~[fisco-bcos-java-sdk-2.9.1.jar:?]
	at com.webank.weid.contract.v2.WeIdContract.getWeIdCount(WeIdContract.java:265) ~[weid-contract-java-1.3.1-rc1.jar:?]
	at com.webank.weid.service.impl.engine.fiscov2.WeIdServiceEngineV2.getWeIdCount(WeIdServiceEngineV2.java:306) ~[weid-java-sdk-1.8.6-rc1.jar:?]
	at com.webank.weid.service.impl.WeIdServiceImpl.getWeIdCount(WeIdServiceImpl.java:612) ~[weid-java-sdk-1.8.6-rc1.jar:?]
	at org.example.DIDService.getCount(DIDService.java:16) ~[classes/:?]
	at org.example.Windows.lambda$new$4(Windows.java:103) ~[classes/:?]
	at javax.swing.AbstractButton.fireActionPerformed(AbstractButton.java:1967) ~[?:?]
	at javax.swing.AbstractButton$Handler.actionPerformed(AbstractButton.java:2308) ~[?:?]
	at javax.swing.DefaultButtonModel.fireActionPerformed(DefaultButtonModel.java:405) ~[?:?]
	at javax.swing.DefaultButtonModel.setPressed(DefaultButtonModel.java:262) ~[?:?]
	at javax.swing.plaf.basic.BasicButtonListener.mouseReleased(BasicButtonListener.java:279) ~[?:?]
	at java.awt.Component.processMouseEvent(Component.java:6636) ~[?:?]
	at javax.swing.JComponent.processMouseEvent(JComponent.java:3342) ~[?:?]
	at java.awt.Component.processEvent(Component.java:6401) ~[?:?]
	at java.awt.Container.processEvent(Container.java:2263) ~[?:?]
	at java.awt.Component.dispatchEventImpl(Component.java:5012) ~[?:?]
	at java.awt.Container.dispatchEventImpl(Container.java:2321) ~[?:?]
	at java.awt.Component.dispatchEvent(Component.java:4844) ~[?:?]
	at java.awt.LightweightDispatcher.retargetMouseEvent(Container.java:4919) ~[?:?]
	at java.awt.LightweightDispatcher.processMouseEvent(Container.java:4548) ~[?:?]
	at java.awt.LightweightDispatcher.dispatchEvent(Container.java:4489) ~[?:?]
	at java.awt.Container.dispatchEventImpl(Container.java:2307) ~[?:?]
	at java.awt.Window.dispatchEventImpl(Window.java:2764) ~[?:?]
	at java.awt.Component.dispatchEvent(Component.java:4844) ~[?:?]
	at java.awt.EventQueue.dispatchEventImpl(EventQueue.java:772) ~[?:?]
	at java.awt.EventQueue$4.run(EventQueue.java:721) ~[?:?]
	at java.awt.EventQueue$4.run(EventQueue.java:715) ~[?:?]
	at java.security.AccessController.doPrivileged(AccessController.java:391) ~[?:?]
	at java.security.ProtectionDomain$JavaSecurityAccessImpl.doIntersectionPrivilege(ProtectionDomain.java:85) ~[?:?]
	at java.security.ProtectionDomain$JavaSecurityAccessImpl.doIntersectionPrivilege(ProtectionDomain.java:95) ~[?:?]
	at java.awt.EventQueue$5.run(EventQueue.java:745) ~[?:?]
	at java.awt.EventQueue$5.run(EventQueue.java:743) ~[?:?]
	at java.security.AccessController.doPrivileged(AccessController.java:391) ~[?:?]
	at java.security.ProtectionDomain$JavaSecurityAccessImpl.doIntersectionPrivilege(ProtectionDomain.java:85) ~[?:?]
	at java.awt.EventQueue.dispatchEvent(EventQueue.java:742) ~[?:?]
	at java.awt.EventDispatchThread.pumpOneEventForFilters(EventDispatchThread.java:203) ~[?:?]
	at java.awt.EventDispatchThread.pumpEventsForFilter(EventDispatchThread.java:124) ~[?:?]
	at java.awt.EventDispatchThread.pumpEventsForHierarchy(EventDispatchThread.java:113) ~[?:?]
	at java.awt.EventDispatchThread.pumpEvents(EventDispatchThread.java:109) ~[?:?]
	at java.awt.EventDispatchThread.pumpEvents(EventDispatchThread.java:101) ~[?:?]
	at java.awt.EventDispatchThread.run(EventDispatchThread.java:90) ~[?:?]
2022-12-14 15:56:16.671 [AWT-EventQueue-0] ERROR WeIdServiceEngineV2() - Create WeId failed: RevertInstruction. weid address is 0x585fdd599059a0e2b0bf6abd84326364d22139e2
2022-12-14 15:56:16.671 [AWT-EventQueue-0] ERROR WeIdServiceImpl() - [createWeId]: create weid failed. error message is :the weid has already exist on blockchain., public key is 1737396187127825257950605453623534958298528565177943703192303744551041843574229564992724569061519964400518049092369615381549403902460508974664939740670051
